Scan performed on 11-28-2016 08:56:22
WARNING: /home/datboi/HybrIDS/.hybrids.py.swp removed from file system!!
WARNING: /home/datboi/.cache/mozilla/firefox/m5ov45ka.default/cache2/index.log removed from file system!!
WARNING: /home/datboi/.cache/mozilla/firefox/m5ov45ka.default/thumbnails/c0d987b265d7cbe66eeb4182f0482c35.png removed from file system!!
WARNING: /home/datboi/.cache/mozilla/firefox/m5ov45ka.default/thumbnails/1bc396c15afe166af52db99916e9d8f2.png removed from file system!!
WARNING: /home/datboi/.cache/mozilla/firefox/m5ov45ka.default/thumbnails/5b62bc85a038a23822bc151c135758b6.png removed from file system!!
WARNING: /home/datboi/.cache/mozilla/firefox/m5ov45ka.default/thumbnails/c63312913c6d5068767115d0e22810e1.png removed from file system!!
WARNING: /home/datboi/.mozilla/firefox/m5ov45ka.default/saved-telemetry-pings/27ddb3d9-bef4-4cfc-9dea-99e59a339166 removed from file system!!
WARNING: /home/datboi/.mozilla/firefox/m5ov45ka.default/saved-telemetry-pings/9ead99ed-24cf-4e16-855c-8058556c0a56 removed from file system!!
WARNING: /home/datboi/.cache/mozilla/firefox/m5ov45ka.default/thumbnails/521f9b53e04975e216851e4e7c2b4beb.png removed from file system!!
WARNING: /home/datboi/.mozilla/firefox/m5ov45ka.default/sessionstore.js removed from file system!!
WARNING: /home/datboi/.cache/mozilla/firefox/m5ov45ka.default/cache2/entries/D36FD0721F11A7AE28A82198D72211B81B3A7CD3 removed from file system!!
WARNING: /home/datboi/.cache/mozilla/firefox/m5ov45ka.default/thumbnails/42ebbe36d9386ddd511f6ad9ef35e6ff.png removed from file system!!

WARNING: /home/datboi/.cache/mozilla/firefox/m5ov45ka.default/cache2/entries/399137D73C260856099D44784B01BA17A5CE6473 added to file system!!
WARNING: /home/datboi/.cache/mozilla/firefox/m5ov45ka.default/cache2/entries/3F2B7620D3ED7129A16D30BEA70B83C71437731C added to file system!!
WARNING: /home/datboi/.cache/mozilla/firefox/m5ov45ka.default/cache2/entries/597209AC62F83FD82029F21C506031D706E8E07F added to file system!!
WARNING: /home/datboi/.cache/mozilla/firefox/m5ov45ka.default/cache2/entries/196EA75DFD606A1E82EDAFB4181F918020EDBC5C added to file system!!
WARNING: /home/datboi/.cache/mozilla/firefox/m5ov45ka.default/cache2/entries/7F4E144C4592EF0A23283B7452C81B93E9DE790A added to file system!!
WARNING: /home/datboi/.cache/mozilla/firefox/m5ov45ka.default/cache2/entries/D848747B57CD187641DDB4EE3EE55129A25412EB added to file system!!
WARNING: /home/datboi/.cache/mozilla/firefox/m5ov45ka.default/cache2/entries/EB0EA3DF0A7ABF931632591BD31F932E7C5380E7 added to file system!!
WARNING: /home/datboi/.cache/mozilla/firefox/m5ov45ka.default/cache2/entries/01F236EAC45A86DCAB68C55F28A6BEBB2B05BCC8 added to file system!!
WARNING: /home/datboi/.cache/mozilla/firefox/m5ov45ka.default/cache2/entries/1C01D32A30D67AB036D5A998DD30FECDE7E30D29 added to file system!!
WARNING: /home/datboi/.cache/mozilla/firefox/m5ov45ka.default/cache2/entries/A22A664BDC5AC126EEB82329EED6E4670A7EAF38 added to file system!!
WARNING: /home/datboi/.cache/mozilla/firefox/m5ov45ka.default/cache2/entries/DB1474A95ACFA509B20126B664EEEB1895F6AD89 added to file system!!
WARNING: /home/datboi/.cache/mozilla/firefox/m5ov45ka.default/cache2/entries/9D27604C5774178ECE8DCE408D92BE7F6668F799 added to file system!!
WARNING: /home/datboi/.cache/mozilla/firefox/m5ov45ka.default/cache2/entries/334787486AF6D0BE6D10DF38361E1ECCED11EA90 added to file system!!
WARNING: /home/datboi/.cache/mozilla/firefox/m5ov45ka.default/cache2/entries/055AB4F3EBAB82C644777DAB49ADA45E9351183B added to file system!!
WARNING: /home/datboi/.local/share/ubuntu-amazon-default/Cache2/5279e518214c5c31_0 added to file system!!
WARNING: /home/datboi/.cache/mozilla/firefox/m5ov45ka.default/cache2/entries/76EF1292F45B28008B0E37EDAF898359BDA69EF7 added to file system!!
WARNING: /home/datboi/.cache/mozilla/firefox/m5ov45ka.default/cache2/entries/BF0A5A2BE43F546409517B50D6537166377F1300 added to file system!!
WARNING: /home/datboi/.cache/mozilla/firefox/m5ov45ka.default/cache2/entries/7F7F4D967980884B558822FB7CDC8D71DC0493A8 added to file system!!
WARNING: /home/datboi/.cache/mozilla/firefox/m5ov45ka.default/cache2/entries/CB9CD3DA650BCA1C7D6DBCA1D06FA78A8DAB18D8 added to file system!!
WARNING: /home/datboi/HybrIDS/logs/11-28-2016 08:36:37.log added to file system!!
WARNING: /home/datboi/.mozilla/firefox/m5ov45ka.default/sessionstore-backups/recovery.bak added to file system!!
WARNING: /home/datboi/.local/share/ubuntu-amazon-default/Cache2/92355e91eee717f8_0 added to file system!!
WARNING: /home/datboi/.cache/mozilla/firefox/m5ov45ka.default/cache2/entries/AE241CD2BF4E356143D9D8730E31EF07E8AA216A added to file system!!
WARNING: /home/datboi/.cache/mozilla/firefox/m5ov45ka.default/cache2/entries/108573E2B07FF25FFCAFE37F58D375561A47424D added to file system!!
WARNING: /home/datboi/.cache/mozilla/firefox/m5ov45ka.default/cache2/entries/2A4C1F4506DCE1C0401699CA4DDA9BCA99202A7E added to file system!!
WARNING: /home/datboi/.cache/mozilla/firefox/m5ov45ka.default/cache2/entries/98E5FA420274070FC791CE8EF742971CDAE795E9 added to file system!!
WARNING: /home/datboi/.cache/mozilla/firefox/m5ov45ka.default/cache2/entries/D3778C14FC2DAA0CE457BB6275603A26C2850F39 added to file system!!
WARNING: /home/datboi/.cache/mozilla/firefox/m5ov45ka.default/cache2/entries/86FF606CAEEC86B6635FDFF859630164152B5538 added to file system!!
WARNING: /home/datboi/.cache/mozilla/firefox/m5ov45ka.default/cache2/entries/529DE18879D638E6D73950A865A33033D769E604 added to file system!!
WARNING: /home/datboi/.cache/mozilla/firefox/m5ov45ka.default/cache2/entries/51194BFD0B2AE127340CC506DF0BFCC02287ADB6 added to file system!!
WARNING: /home/datboi/.cache/mozilla/firefox/m5ov45ka.default/cache2/entries/B9F6F8360CA85CEFF1689595F4F4F9840A7FB118 added to file system!!
WARNING: /home/datboi/.mozilla/firefox/m5ov45ka.default/sessionstore-backups/upgrade.js-20161114145022 added to file system!!
WARNING: /home/datboi/.cache/mozilla/firefox/m5ov45ka.default/cache2/entries/38B8DB7CABAC8E3AEFA752B0C85B30471941AA62 added to file system!!
WARNING: /home/datboi/.cache/mozilla/firefox/m5ov45ka.default/cache2/entries/55E9078962E5194504BE68A4102C576C8D0086DD added to file system!!
WARNING: /home/datboi/.cache/mozilla/firefox/m5ov45ka.default/cache2/entries/5EB3F8AE45BE2933AAFB52ED61D6FA616B82516F added to file system!!
WARNING: /home/datboi/.cache/mozilla/firefox/m5ov45ka.default/cache2/entries/12027D40038402997C940884C513321928F4C223 added to file system!!
WARNING: /home/datboi/.cache/mozilla/firefox/m5ov45ka.default/cache2/entries/5624B14F3922AEFB23E6609CBE58A936BF21F845 added to file system!!
WARNING: /home/datboi/.cache/mozilla/firefox/m5ov45ka.default/cache2/entries/F12466C4F2E4A573148BAF49BEFCC10767BD370A added to file system!!
WARNING: /home/datboi/.cache/mozilla/firefox/m5ov45ka.default/cache2/entries/1F998FBA18A470B14930284FEE4182CA04EC87DF added to file system!!
WARNING: /home/datboi/.cache/mozilla/firefox/m5ov45ka.default/cache2/entries/14C88641D0FFEA1518F09E8ED1426E86E56558A7 added to file system!!
WARNING: /home/datboi/.cache/mozilla/firefox/m5ov45ka.default/cache2/entries/DB11510DCEB47C20DDF279D24C13968A7626FFE7 added to file system!!
WARNING: /home/datboi/.cache/mozilla/firefox/m5ov45ka.default/cache2/entries/5F9474A5DCEC749C0E6754163927C70F1B8B0F88 added to file system!!
WARNING: /home/datboi/.cache/mozilla/firefox/m5ov45ka.default/cache2/entries/0C57116884A8C10389CA8A3C51884C2F79C81D85 added to file system!!
WARNING: /home/datboi/.cache/mozilla/firefox/m5ov45ka.default/cache2/entries/F27A11CB50966DA4F57127EA18E8C576152D7BBF added to file system!!
WARNING: /home/datboi/.cache/mozilla/firefox/m5ov45ka.default/cache2/entries/C2AF73BA4BCF24503F0E7F2710D7AC20E7AABC4F added to file system!!
WARNING: /home/datboi/.cache/mozilla/firefox/m5ov45ka.default/cache2/entries/A20F186DA371B1D0F2794F9A5013EA0E5A33E380 added to file system!!
WARNING: /home/datboi/.cache/mozilla/firefox/m5ov45ka.default/cache2/entries/38C92C8F07B2751EB9CE229B5746C8E2A301EAB6 added to file system!!
WARNING: /home/datboi/.cache/mozilla/firefox/m5ov45ka.default/cache2/entries/2CEB50DE0C38396133C18140C2D117D6C460D18E added to file system!!
WARNING: /home/datboi/.cache/mozilla/firefox/m5ov45ka.default/cache2/entries/634C4DF627AA621AA2DC5CC41E7FFB39C47DC081 added to file system!!
WARNING: /home/datboi/.cache/mozilla/firefox/m5ov45ka.default/cache2/entries/34A39325BDFAFD7042B5291E04E65E073C6C0D0B added to file system!!
WARNING: /home/datboi/.local/share/ubuntu-amazon-default/Cache2/5226131bac6345d8_0 added to file system!!
WARNING: /home/datboi/.cache/mozilla/firefox/m5ov45ka.default/cache2/entries/11B97A228538B79E55718DE1AC2097A275F0A0EF added to file system!!
WARNING: /home/datboi/.cache/mozilla/firefox/m5ov45ka.default/cache2/entries/8FB2A0E04A6C5C4557DA598EDD401B16A4BB9CCA added to file system!!
WARNING: /home/datboi/.cache/mozilla/firefox/m5ov45ka.default/cache2/entries/7A583A28FCE1F8AFC528FF3C63A9574662A544AB added to file system!!
WARNING: /home/datboi/.cache/mozilla/firefox/m5ov45ka.default/cache2/entries/7BC629493EE15015559342BF1243EA3FC770B088 added to file system!!
WARNING: /home/datboi/.cache/mozilla/firefox/m5ov45ka.default/cache2/entries/48681FEB6D30AB6B670D393FF524FCCECFDDA836 added to file system!!
WARNING: /home/datboi/.cache/mozilla/firefox/m5ov45ka.default/cache2/entries/2251ED42CA109E7CC43DFBA9770DED4894D295A0 added to file system!!
WARNING: /home/datboi/.cache/mozilla/firefox/m5ov45ka.default/cache2/entries/17B04BE4E6A7D93294076C2A202AB2CE4245EC56 added to file system!!
WARNING: /home/datboi/.cache/mozilla/firefox/m5ov45ka.default/cache2/entries/141EFDBF81CAECCB1C22C9BFED67D20A49AA2BE9 added to file system!!
WARNING: /home/datboi/.cache/mozilla/firefox/m5ov45ka.default/cache2/entries/FDF497A7E28B5CF83A7633BD5A732DB61D654244 added to file system!!
WARNING: /home/datboi/HybrIDS/logs/11-28-2016 08:51:59.log added to file system!!
WARNING: /home/datboi/.cache/mozilla/firefox/m5ov45ka.default/cache2/entries/70A5B4FA5B691A30A1C06172554B4CB3217A7357 added to file system!!
WARNING: /home/datboi/.local/share/ubuntu-amazon-default/Cache2/04d9bb9d45ebc16c_0 added to file system!!
WARNING: /home/datboi/.cache/mozilla/firefox/m5ov45ka.default/cache2/entries/5E1236A45F73DD26B05EBCFD6B8908F83857D604 added to file system!!
WARNING: /home/datboi/.cache/mozilla/firefox/m5ov45ka.default/cache2/entries/71E957C8263C11A338A5C05EFC0B91E739BA27A1 added to file system!!
WARNING: /home/datboi/.cache/mozilla/firefox/m5ov45ka.default/cache2/entries/8979D0AE27ED7D8502725E51A79622FC68D2EED9 added to file system!!
WARNING: /home/datboi/.cache/mozilla/firefox/m5ov45ka.default/cache2/entries/5BD17740D10191BB515CCE4686EF60F68A500819 added to file system!!
WARNING: /home/datboi/.cache/mozilla/firefox/m5ov45ka.default/cache2/entries/0820F86A3E4E38D8E073A53210EEFFF0BA34CA11 added to file system!!
WARNING: /home/datboi/.cache/mozilla/firefox/m5ov45ka.default/cache2/entries/5F671C1A1DE34D575DDD156792D059F8F34E9CB4 added to file system!!
WARNING: /home/datboi/.local/share/ubuntu-amazon-default/Cache2/063a83ed1f795ff4_0 added to file system!!
WARNING: /home/datboi/.cache/mozilla/firefox/m5ov45ka.default/cache2/entries/8ABD39E0445C1D5147E1B999F5ED4BB0DEB225C9 added to file system!!
WARNING: /home/datboi/.cache/mozilla/firefox/m5ov45ka.default/cache2/entries/D2342700BB3C8220AD9FC804C5EA4754846A3B41 added to file system!!
WARNING: /home/datboi/.cache/mozilla/firefox/m5ov45ka.default/cache2/entries/16E06934EB1D88A7B579464C2BF63CDD5A7D89C5 added to file system!!
WARNING: /home/datboi/.cache/mozilla/firefox/m5ov45ka.default/thumbnails/0963bab478c88f00cd991e3a093f6359.png added to file system!!
WARNING: /home/datboi/.cache/mozilla/firefox/m5ov45ka.default/cache2/entries/B1E189C4D1CFD02D691AED2DD96CC4AF43CFBEBB added to file system!!
WARNING: /home/datboi/HybrIDS/logs/11-28-2016 08:56:00.log added to file system!!
WARNING: /home/datboi/.cache/mozilla/firefox/m5ov45ka.default/cache2/entries/084E3A962CA97B847F7673A3058E455BB19EA5C0 added to file system!!
WARNING: /home/datboi/.cache/mozilla/firefox/m5ov45ka.default/cache2/entries/9CB7F5B208A14652B8D5BC9D162BFAB5226B0961 added to file system!!
WARNING: /home/datboi/.cache/mozilla/firefox/m5ov45ka.default/cache2/entries/D703508940B1D70779105703393344922DFDF6F6 added to file system!!
WARNING: /home/datboi/.cache/mozilla/firefox/m5ov45ka.default/cache2/entries/9ADE880817CA6DB474D96F46155294CC8814C6AA added to file system!!
WARNING: /home/datboi/.cache/mozilla/firefox/m5ov45ka.default/cache2/entries/C1B1E32884BCC600603442CB3CFD690BFF9CF5C5 added to file system!!
WARNING: /home/datboi/.cache/mozilla/firefox/m5ov45ka.default/cache2/entries/9EE06E96E9B20097AA8B6014D38B91A57FC74B40 added to file system!!
WARNING: /home/datboi/HybrIDS/logs/11-28-2016 08:51:36.log added to file system!!
WARNING: /home/datboi/.cache/mozilla/firefox/m5ov45ka.default/cache2/entries/85ED76F13F7DD180BBE1955B0CC97F780E37251B added to file system!!
WARNING: /home/datboi/.cache/mozilla/firefox/m5ov45ka.default/cache2/entries/6FADE292096CAB40ABB62EC330AFC0033302D71B added to file system!!
WARNING: /home/datboi/.cache/mozilla/firefox/m5ov45ka.default/cache2/entries/BC8E89189CA52E40DF6FEF6D372FE50B00FA13AB added to file system!!
WARNING: /home/datboi/.cache/mozilla/firefox/m5ov45ka.default/cache2/entries/C36EA1E2542293A126E74355C533E4BF11F51A69 added to file system!!
WARNING: /home/datboi/.cache/mozilla/firefox/m5ov45ka.default/cache2/entries/2ABA5FAA0557AA4E021EC9CD40666B6463714A48 added to file system!!
WARNING: /home/datboi/.cache/mozilla/firefox/m5ov45ka.default/cache2/entries/563B592D6C38AAA2E2AC60D50937F5BD8BE45D61 added to file system!!
WARNING: /home/datboi/.cache/mozilla/firefox/m5ov45ka.default/cache2/entries/AC532DEB05AA164A2C1CD330BF059FA87E72C00E added to file system!!
WARNING: /home/datboi/.cache/mozilla/firefox/m5ov45ka.default/cache2/entries/CA99F5F6858EBC0CC1EAD5088F2E44CCBF71CFBF added to file system!!
WARNING: /home/datboi/.cache/mozilla/firefox/m5ov45ka.default/cache2/entries/0894E1A2A025741D34462ADC45272D803A2CA25B added to file system!!
WARNING: /home/datboi/.cache/mozilla/firefox/m5ov45ka.default/cache2/entries/885A83EF186834C0A4B041DDE1198C6955856F7C added to file system!!
WARNING: /home/datboi/.cache/mozilla/firefox/m5ov45ka.default/cache2/entries/ADF03AAA817CEE37237706BC59CC08D0D1026342 added to file system!!
WARNING: /home/datboi/.cache/mozilla/firefox/m5ov45ka.default/cache2/entries/15EC60FAF649C78EEB32322C76A6BD4425E31030 added to file system!!
WARNING: /home/datboi/.cache/mozilla/firefox/m5ov45ka.default/cache2/entries/F5E8DAE56E9A44878009F883A236EC977ACA418E added to file system!!
WARNING: /home/datboi/.mozilla/firefox/m5ov45ka.default/datareporting/archived/2016-11/1480350868198.4f386df2-7518-40e7-8ed5-0bafd886461d.main.jsonlz4 added to file system!!
WARNING: /home/datboi/.cache/mozilla/firefox/m5ov45ka.default/cache2/entries/381422D953C56204152832D6DC4ACD13CEE877C5 added to file system!!
WARNING: /home/datboi/.cache/mozilla/firefox/m5ov45ka.default/cache2/entries/C69ADDC363D24CF866E241AD7C8BE32CC923C025 added to file system!!
WARNING: /home/datboi/.cache/mozilla/firefox/m5ov45ka.default/cache2/entries/ABBE8306E4DBFF97D0E7592EBB149D17F339474F added to file system!!
WARNING: /home/datboi/.cache/mozilla/firefox/m5ov45ka.default/cache2/entries/F6F2BC195C095A98DA2876B5E724B9CA838732A3 added to file system!!
WARNING: /home/datboi/.cache/mozilla/firefox/m5ov45ka.default/cache2/entries/85261483FF534BDA9D419BD9606C06F97A578B48 added to file system!!
WARNING: /home/datboi/.cache/mozilla/firefox/m5ov45ka.default/cache2/entries/548EFFDA70A384872A627C4FC0208236C2F041A4 added to file system!!
WARNING: /home/datboi/.cache/mozilla/firefox/m5ov45ka.default/cache2/entries/601816D7123F1B5C64B4546747BA6334FDDD7423 added to file system!!
WARNING: /home/datboi/.mozilla/firefox/m5ov45ka.default/webappsstore.sqlite-wal added to file system!!
WARNING: /home/datboi/.cache/mozilla/firefox/m5ov45ka.default/cache2/entries/C3D38572CE3F0C77C0D276C00BCD4A8EE7AF1EF4 added to file system!!
WARNING: /home/datboi/.cache/mozilla/firefox/m5ov45ka.default/cache2/entries/DAF5BE98658A10A12B51A71D0B587D318423C81B added to file system!!
WARNING: /home/datboi/.local/share/ubuntu-amazon-default/Cache2/1d5361573c4f01c1_0 added to file system!!
WARNING: /home/datboi/.cache/mozilla/firefox/m5ov45ka.default/cache2/entries/D588152D81CBC990C2559A6E14BCBE8EAA914DBF added to file system!!
WARNING: /home/datboi/.cache/mozilla/firefox/m5ov45ka.default/cache2/entries/95F19D42B9294C8DCEC5F2C5BC7D0983AA43ABF3 added to file system!!
WARNING: /home/datboi/.cache/mozilla/firefox/m5ov45ka.default/cache2/entries/B670450199D15F23A796B21B05260F356EA717DC added to file system!!
WARNING: /home/datboi/.cache/mozilla/firefox/m5ov45ka.default/cache2/entries/38BB579ADE5C3D202A0EB588A589BF8234713551 added to file system!!
WARNING: /home/datboi/.cache/mozilla/firefox/m5ov45ka.default/cache2/entries/6F2809E25DF0D843CAA618BC749CBA038E45745D added to file system!!
WARNING: /home/datboi/.cache/mozilla/firefox/m5ov45ka.default/cache2/entries/3EE00CC2075711813DF54AD2900814AC48375DDC added to file system!!
WARNING: /home/datboi/.cache/mozilla/firefox/m5ov45ka.default/cache2/entries/908BDC778AEC747A7594DDE46DEE779BCA60BB48 added to file system!!
WARNING: /home/datboi/.cache/mozilla/firefox/m5ov45ka.default/thumbnails/b2ecf458383c02eaeb667e630063c691.png added to file system!!
WARNING: /home/datboi/.cache/mozilla/firefox/m5ov45ka.default/cache2/entries/65802128A74D5286E5B921A7682F34C4FDA3D371 added to file system!!
WARNING: /home/datboi/.cache/mozilla/firefox/m5ov45ka.default/cache2/entries/2982D6E9C800BE273C696B145498588E12027F00 added to file system!!
WARNING: /home/datboi/.cache/mozilla/firefox/m5ov45ka.default/cache2/entries/5439B3840AC4A8E3E9FC56B1C0DAC85719877240 added to file system!!
WARNING: /home/datboi/.mozilla/firefox/m5ov45ka.default/sessionstore-backups/previous.js added to file system!!
WARNING: /home/datboi/.cache/mozilla/firefox/m5ov45ka.default/cache2/entries/4ED4E9A8BDE49B480724B80421CAFB2690687754 added to file system!!
WARNING: /home/datboi/.cache/mozilla/firefox/m5ov45ka.default/cache2/entries/52E2DFE94BE163F2421DB10BF9E903CC1B09E8F8 added to file system!!
WARNING: /home/datboi/.cache/mozilla/firefox/m5ov45ka.default/cache2/entries/AEC643CFD39398C22F759AA50E7D80D0C56C9979 added to file system!!
WARNING: /home/datboi/HybrIDS/logs/11-28-2016 08:56:11.log added to file system!!
WARNING: /home/datboi/.cache/mozilla/firefox/m5ov45ka.default/cache2/entries/9197F4932C89F1ED934E1AB046543535FAB33362 added to file system!!
WARNING: /home/datboi/.cache/mozilla/firefox/m5ov45ka.default/cache2/entries/471F1183DB55D9299258024DD2AFC9FC0C6D9E8A added to file system!!
WARNING: /home/datboi/.cache/mozilla/firefox/m5ov45ka.default/cache2/entries/66AE3FD870E00F4CEFC4A967139717DD7965E608 added to file system!!
WARNING: /home/datboi/.cache/mozilla/firefox/m5ov45ka.default/cache2/entries/756283716ACB2BCAF44AFE74FED59C0ECD5ECB44 added to file system!!
WARNING: /home/datboi/.cache/mozilla/firefox/m5ov45ka.default/cache2/entries/EFC269D79058144188FD4E1DA999EB95956D9B3A added to file system!!
WARNING: /home/datboi/.cache/mozilla/firefox/m5ov45ka.default/cache2/entries/A4803FAF0A8B77157373A3F8DEC7BB32F2FFB9DB added to file system!!
WARNING: /home/datboi/.mozilla/firefox/m5ov45ka.default/cookies.sqlite-wal added to file system!!
WARNING: /home/datboi/.cache/mozilla/firefox/m5ov45ka.default/cache2/entries/B3576CF79B5700E6D5D5B8B95B656ACDDD9A3B7E added to file system!!
WARNING: /home/datboi/.local/share/ubuntu-amazon-default/Cache2/index added to file system!!
WARNING: /home/datboi/HybrIDS/logs/11-28-2016 08:51:24.log added to file system!!
WARNING: /home/datboi/.cache/mozilla/firefox/m5ov45ka.default/cache2/entries/5F52871CB292CED91F1F54C6C43B05C1F8D11E28 added to file system!!
WARNING: /home/datboi/.cache/mozilla/firefox/m5ov45ka.default/cache2/entries/4BEEE8A58597293C182506BD96B397A6A7BF6645 added to file system!!
WARNING: /home/datboi/.cache/mozilla/firefox/m5ov45ka.default/thumbnails/48f9d9a15cab9c353a848d3174049804.png added to file system!!
WARNING: /home/datboi/.cache/mozilla/firefox/m5ov45ka.default/cache2/entries/4BF4FC9C34A1237A5E6371C7B1D438943F5CEBFE added to file system!!
WARNING: /home/datboi/.cache/mozilla/firefox/m5ov45ka.default/cache2/entries/7444C5DAD394C92E6AE7C45CF72AD89B148BAFBD added to file system!!
WARNING: /home/datboi/.cache/mozilla/firefox/m5ov45ka.default/cache2/entries/0FFF647C7707A5C97F7703F2D7E6E1C5862ED2EA added to file system!!
WARNING: /home/datboi/.local/share/unity-webapps/availableapps-v2.db added to file system!!
WARNING: /home/datboi/.cache/mozilla/firefox/m5ov45ka.default/cache2/entries/4C38CE3FD5303475F198C4E41714CD7EA32FE516 added to file system!!
WARNING: /home/datboi/.cache/mozilla/firefox/m5ov45ka.default/cache2/entries/D2C5243A966F1A45A5483E09DD2DDBE73065E502 added to file system!!
WARNING: /home/datboi/.cache/mozilla/firefox/m5ov45ka.default/cache2/entries/F197400BC1132F3E20D6700342458B5B9C33AA57 added to file system!!
WARNING: /home/datboi/.cache/mozilla/firefox/m5ov45ka.default/cache2/entries/566B7AE3D01563C5DB71CE1F7EC0E2E608623ECF added to file system!!
WARNING: /home/datboi/.cache/mozilla/firefox/m5ov45ka.default/cache2/entries/F746B7F6388231A0AE3B63738891E006F9D25070 added to file system!!
WARNING: /home/datboi/.cache/mozilla/firefox/m5ov45ka.default/cache2/entries/1C4F1CEC0BC7A4C1B2C7F107F564F511889308AD added to file system!!
WARNING: /home/datboi/.cache/mozilla/firefox/m5ov45ka.default/cache2/entries/6C65BD44561C730EAD98024C922C6B7AF75D9343 added to file system!!
WARNING: /home/datboi/.cache/mozilla/firefox/m5ov45ka.default/cache2/entries/794F52CFB7B7B2045B72F20F859F06ECA9BA057C added to file system!!
WARNING: /home/datboi/.local/share/ubuntu-amazon-default/Cache2/a8d342972c3db415_0 added to file system!!
WARNING: /home/datboi/.cache/mozilla/firefox/m5ov45ka.default/cache2/entries/46162D6485DA3E8250300CD14E4EEDAD51FD0748 added to file system!!
WARNING: /home/datboi/.local/share/ubuntu-amazon-default/Cache2/index-dir/the-real-index added to file system!!
WARNING: /home/datboi/.cache/mozilla/firefox/m5ov45ka.default/cache2/entries/6DD121D985879128115BCBD3E97752246E273A96 added to file system!!
WARNING: /home/datboi/.cache/mozilla/firefox/m5ov45ka.default/cache2/entries/3535B8ACF097E21F9E80CC1A6DDD1D69F5ABEBA1 added to file system!!
WARNING: /home/datboi/.cache/mozilla/firefox/m5ov45ka.default/cache2/entries/7189B31F0E839338BC1CE8DCC01664E48DC6387A added to file system!!
WARNING: /home/datboi/.cache/mozilla/firefox/m5ov45ka.default/cache2/entries/B2BAFB1E1097D392342C5B87E891AC6169091991 added to file system!!
WARNING: /home/datboi/.cache/mozilla/firefox/m5ov45ka.default/cache2/entries/B171AE950A695211133CAB58EE849902C5E07D7A added to file system!!
WARNING: /home/datboi/.cache/mozilla/firefox/m5ov45ka.default/cache2/entries/F184A611829D8DA3BE7B8749E8DBC54125610BAB added to file system!!
WARNING: /home/datboi/.cache/mozilla/firefox/m5ov45ka.default/cache2/entries/B9B822AD8E29C2D95D8D91892375E7F907047B90 added to file system!!
WARNING: /home/datboi/HybrIDS/saver.p added to file system!!
WARNING: /home/datboi/.cache/mozilla/firefox/m5ov45ka.default/cache2/entries/3666FEFC47040F4497C20EB5EC3E0D7370892A1B added to file system!!
WARNING: /home/datboi/.cache/mozilla/firefox/m5ov45ka.default/cache2/entries/94AC41936FC8425CEFF7ADE01A3A284A08300C1E added to file system!!
WARNING: /home/datboi/.cache/mozilla/firefox/m5ov45ka.default/cache2/entries/2482E7B69C1788C6E3EA382D57FCAEEA97FA5FAE added to file system!!
WARNING: /home/datboi/.cache/mozilla/firefox/m5ov45ka.default/cache2/entries/2CBB585070B186928964EB18BBE163B63B739059 added to file system!!
WARNING: /home/datboi/.cache/mozilla/firefox/m5ov45ka.default/cache2/entries/9A7DCBC67356577EC8AA3862CB58FDB8483364D4 added to file system!!
WARNING: /home/datboi/.local/share/ubuntu-amazon-default/Cache2/510adeee8ec2db81_0 added to file system!!
WARNING: /home/datboi/HybrIDS/logs/11-28-2016 08:36:05.log added to file system!!
WARNING: /home/datboi/.local/share/ubuntu-amazon-default/Cache2/3628b80e2c47ff84_0 added to file system!!
WARNING: /home/datboi/.cache/mozilla/firefox/m5ov45ka.default/cache2/entries/76F62A1E9692F308BD656B7D8D49FFCB4206CFBB added to file system!!
WARNING: /home/datboi/.cache/mozilla/firefox/m5ov45ka.default/cache2/entries/3427510CB8DC8142A7AF67DF9AED3841D481AEE0 added to file system!!
WARNING: /home/datboi/.cache/mozilla/firefox/m5ov45ka.default/cache2/entries/8B64F3F78A198EA8D751018F1EB68F259046679A added to file system!!
WARNING: /home/datboi/.cache/mozilla/firefox/m5ov45ka.default/cache2/entries/C60B13B332F2154D387A73A57407BBCEE3D3E35A added to file system!!
WARNING: /home/datboi/.cache/mozilla/firefox/m5ov45ka.default/cache2/entries/D1A4EE9FDE672491CFA53318CDFA2AC066FD4B85 added to file system!!
WARNING: /home/datboi/HybrIDS/logs/11-28-2016 08:55:04.log added to file system!!
WARNING: /home/datboi/.cache/mozilla/firefox/m5ov45ka.default/cache2/entries/A6AAFABD331D4232F29F2285B44A1C753BB7EE1B added to file system!!
WARNING: /home/datboi/.cache/mozilla/firefox/m5ov45ka.default/cache2/entries/3495DC10D16CC509D223A1BACA20B1589FF7DA0D added to file system!!
WARNING: /home/datboi/.cache/mozilla/firefox/m5ov45ka.default/cache2/entries/93B2E34F34A4928C5C77F96F004520F207780341 added to file system!!
WARNING: /home/datboi/.cache/mozilla/firefox/m5ov45ka.default/cache2/entries/FD04B85EC1B43F06B553A0800A9027B21BAD544B added to file system!!
WARNING: /home/datboi/.cache/mozilla/firefox/m5ov45ka.default/cache2/entries/AAD6A3CFD06A98354091C0C4774CB851DEC78585 added to file system!!
WARNING: /home/datboi/.cache/mozilla/firefox/m5ov45ka.default/cache2/entries/4D28E3489AE17DBB9B491743AAF7F516A73E266D added to file system!!
WARNING: /home/datboi/.cache/mozilla/firefox/m5ov45ka.default/cache2/entries/B186DDBADCD07D80D162A05994C1D09237F89264 added to file system!!
WARNING: /home/datboi/.cache/mozilla/firefox/m5ov45ka.default/cache2/entries/696498025FE0CB8D1E9555A35EFBE88BDA102629 added to file system!!
WARNING: /home/datboi/.local/share/ubuntu-amazon-default/Cache2/d5027ac8bb9173f4_0 added to file system!!
WARNING: /home/datboi/.cache/mozilla/firefox/m5ov45ka.default/cache2/entries/2F5738EF94077F710CD8F54E96FEA6BDF01B2EC9 added to file system!!
WARNING: /home/datboi/.cache/mozilla/firefox/m5ov45ka.default/cache2/entries/4C374CAA110F3C29C18424BA8B32292421E5A9EF added to file system!!
WARNING: /home/datboi/.cache/mozilla/firefox/m5ov45ka.default/cache2/entries/0A8F774222F02A65D16FD039731840ACFAD21C54 added to file system!!
WARNING: /home/datboi/.cache/mozilla/firefox/m5ov45ka.default/cache2/entries/3EDDC73AE57005E04F70CB63C4A5675414D4F214 added to file system!!
WARNING: /home/datboi/.cache/mozilla/firefox/m5ov45ka.default/cache2/entries/84DB589D0F0F4A54A52A571867DADAC839512FA9 added to file system!!
WARNING: /home/datboi/.local/share/ubuntu-amazon-default/Cache2/b8026d228842bec1_0 added to file system!!
WARNING: /home/datboi/.cache/mozilla/firefox/m5ov45ka.default/cache2/entries/D472A90F1C81C93F6DD726E79557C5440003C211 added to file system!!
WARNING: /home/datboi/.cache/mozilla/firefox/m5ov45ka.default/cache2/entries/02C39B31519D2308297B48E97615925DC4F9D8BD added to file system!!
WARNING: /home/datboi/.cache/mozilla/firefox/m5ov45ka.default/cache2/entries/5454AA456BAC3FAF102956FDC713646ABDB3C4DB added to file system!!
WARNING: /home/datboi/.cache/mozilla/firefox/m5ov45ka.default/cache2/entries/0830D33649E40580065007D0E725BAE4B556F028 added to file system!!
WARNING: /home/datboi/.cache/mozilla/firefox/m5ov45ka.default/cache2/entries/7C634B2174F3C67F47CA59ACE03AA4ABBF7432F8 added to file system!!
WARNING: /home/datboi/.vim/.netrwhist added to file system!!
WARNING: /home/datboi/.cache/mozilla/firefox/m5ov45ka.default/cache2/entries/3A9B7BEF2B0302CDC3FBCB0EA8876F4FF68BB630 added to file system!!
WARNING: /home/datboi/.cache/mozilla/firefox/m5ov45ka.default/cache2/entries/96B5810732465BFDCB96D183E294C74B1DD8DEF5 added to file system!!
WARNING: /home/datboi/.cache/mozilla/firefox/m5ov45ka.default/cache2/entries/DF718CEDBEF32411C05BC88BD0E3A18581D18268 added to file system!!
WARNING: /home/datboi/.cache/mozilla/firefox/m5ov45ka.default/cache2/entries/3D818F4E64E8E2371B0B23A63433F403D3668B84 added to file system!!
WARNING: /home/datboi/.cache/mozilla/firefox/m5ov45ka.default/cache2/entries/25AD8FCA7DD2AAF39E4E76D353B345CBE2895B02 added to file system!!
WARNING: /home/datboi/.cache/mozilla/firefox/m5ov45ka.default/cache2/entries/0CCA5AF5F5398BF7E65568C8CE59FE2866E6365D added to file system!!
WARNING: /home/datboi/.cache/mozilla/firefox/m5ov45ka.default/cache2/entries/7410F9890581A59A2FC380BB7AB00D0EE622E2F7 added to file system!!
WARNING: /home/datboi/.cache/mozilla/firefox/m5ov45ka.default/cache2/entries/9C8B946412B3D4CD76219B07DC1B96352D9D7288 added to file system!!
WARNING: /home/datboi/.cache/mozilla/firefox/m5ov45ka.default/cache2/entries/145ADF8DFB1283B6C7D9E0DCA46CA5FDE7863DCB added to file system!!
WARNING: /home/datboi/.cache/mozilla/firefox/m5ov45ka.default/cache2/entries/77D020D7CDF7DA35383A090E68DDBE8D83DC16D4 added to file system!!
WARNING: /home/datboi/.cache/mozilla/firefox/m5ov45ka.default/cache2/entries/39BC09F3BC4877C5665F2345B3EFF1C98A166413 added to file system!!
WARNING: /home/datboi/HybrIDS/logs/11-28-2016 08:56:22.log added to file system!!
WARNING: /home/datboi/.cache/mozilla/firefox/m5ov45ka.default/cache2/entries/DA514325B21BF97FD5FDC89964CCE22A1BE99C87 added to file system!!
WARNING: /home/datboi/.cache/mozilla/firefox/m5ov45ka.default/cache2/entries/8247074118A4F84FCDA6041E9CC1C3EA1EDBEA2D added to file system!!
WARNING: /home/datboi/.cache/mozilla/firefox/m5ov45ka.default/cache2/entries/EDE95B4DAFD4B413386390EBB8DCC00A01428096 added to file system!!
WARNING: /home/datboi/.cache/mozilla/firefox/m5ov45ka.default/cache2/entries/4C9A8E6D932841C68EF126E8C20CAF0060963534 added to file system!!
WARNING: /home/datboi/.cache/mozilla/firefox/m5ov45ka.default/cache2/entries/02CF82C95668F03B49EE1FF3A4D787B834A527FF added to file system!!
WARNING: /home/datboi/.cache/mozilla/firefox/m5ov45ka.default/cache2/entries/A2836310DCFEA0A87CA4686B88CEF9BCAA2FD35C added to file system!!
WARNING: /home/datboi/.cache/upstart/unity-panel-service.log added to file system!!
WARNING: /home/datboi/.mozilla/firefox/m5ov45ka.default/cookies.sqlite-shm added to file system!!
WARNING: /home/datboi/.cache/mozilla/firefox/m5ov45ka.default/cache2/entries/331F1B84BC1773A93CFE170C0857F8EB58C96B02 added to file system!!
WARNING: /home/datboi/.cache/mozilla/firefox/m5ov45ka.default/cache2/entries/E3AC03BC4147E03C6A834B973E2A0557B0F0DAEE added to file system!!
WARNING: /home/datboi/.cache/mozilla/firefox/m5ov45ka.default/cache2/entries/2B0492837A11F60569C70926D6BEE98D18BB2746 added to file system!!
WARNING: /home/datboi/.cache/mozilla/firefox/m5ov45ka.default/cache2/entries/69683D9BC02361F459B2674FC2D96CACD1249353 added to file system!!
WARNING: /home/datboi/.cache/mozilla/firefox/m5ov45ka.default/cache2/entries/087134A9ACFCEF3B44BFD295CF2A0B242D9E3DFB added to file system!!
WARNING: /home/datboi/.cache/mozilla/firefox/m5ov45ka.default/cache2/entries/A9B4E88E025ABEBDB66488D790331A573B965125 added to file system!!
WARNING: /home/datboi/.cache/mozilla/firefox/m5ov45ka.default/cache2/entries/7860ED47CADCDB41D0AD7D0F80DBE5B7CE831479 added to file system!!
WARNING: /home/datboi/.cache/mozilla/firefox/m5ov45ka.default/cache2/entries/C76D2CEB88D07CFF9ACAC64F9F7AD8908CB69551 added to file system!!
WARNING: /home/datboi/.cache/mozilla/firefox/m5ov45ka.default/cache2/entries/DBD7D1F5E40DEEA53CCB904E5849B77498E4E31F added to file system!!
WARNING: /home/datboi/.cache/mozilla/firefox/m5ov45ka.default/cache2/entries/095FD08BA8B849D035B55B4179793885FC4D149A added to file system!!
WARNING: /home/datboi/.cache/mozilla/firefox/m5ov45ka.default/cache2/entries/DCB2D9D6C32FB022E1F45794C9F9AE1C414DAB80 added to file system!!
WARNING: /home/datboi/.cache/mozilla/firefox/m5ov45ka.default/cache2/entries/64506AC9B9FFF18A7DDF919A309AC55DAA255D4D added to file system!!
WARNING: /home/datboi/.cache/mozilla/firefox/m5ov45ka.default/cache2/entries/77E35ED2700F5CB14BA673F13C44F3B874A16EEB added to file system!!
WARNING: /home/datboi/.cache/mozilla/firefox/m5ov45ka.default/cache2/entries/01CB33D98EA18BFDA144F696FFDAE6B57C88EC47 added to file system!!
WARNING: /home/datboi/.cache/mozilla/firefox/m5ov45ka.default/cache2/entries/17C41718824942C1080A02C3F4537DD308A1FFC3 added to file system!!
WARNING: /home/datboi/.local/share/ubuntu-amazon-default/Cache2/8c908dcc64950e59_0 added to file system!!
WARNING: /home/datboi/.local/share/ubuntu-amazon-default/Cache2/2f49a62f7393b0a7_0 added to file system!!
WARNING: /home/datboi/.mozilla/firefox/m5ov45ka.default/datareporting/aborted-session-ping added to file system!!
WARNING: /home/datboi/.cache/mozilla/firefox/m5ov45ka.default/cache2/entries/0A62A373EAF4F5F73972BB7A85FA0A748227BFF9 added to file system!!
WARNING: /home/datboi/.cache/mozilla/firefox/m5ov45ka.default/cache2/entries/6BBE24109CB2F041856C332DDBD8466761CD1240 added to file system!!
WARNING: /home/datboi/.cache/mozilla/firefox/m5ov45ka.default/cache2/entries/09248600DA73DA5611761903D8D98B3EF1A0120E added to file system!!
WARNING: /home/datboi/.cache/mozilla/firefox/m5ov45ka.default/cache2/entries/F24FEDA0E59DBDCE96A7116D72F3E2A1338AFB33 added to file system!!
WARNING: /home/datboi/.cache/mozilla/firefox/m5ov45ka.default/cache2/entries/526268813F6C4F23F5C3F8BE9D2A49681F30CD31 added to file system!!
WARNING: /home/datboi/.local/share/ubuntu-amazon-default/cookies.sqlite added to file system!!
WARNING: /home/datboi/.cache/mozilla/firefox/m5ov45ka.default/cache2/entries/B70987791B2B4BFF36B83FECE2BDF8FC093AE95E added to file system!!
WARNING: /home/datboi/.cache/mozilla/firefox/m5ov45ka.default/cache2/entries/A67E5CE3CDA0AABA91A283F15D58602A64E53E70 added to file system!!
WARNING: /home/datboi/.cache/mozilla/firefox/m5ov45ka.default/cache2/entries/5E40C767C2B24575C8F9F237948147C4D995E3EF added to file system!!
WARNING: /home/datboi/.cache/mozilla/firefox/m5ov45ka.default/cache2/entries/8B7B85CD664C72CCBF783818DCA3ABF86E12CAD9 added to file system!!
WARNING: /home/datboi/.cache/mozilla/firefox/m5ov45ka.default/cache2/entries/2871E47E43DF9346CBBA950E77977AE94CF430C4 added to file system!!
WARNING: /home/datboi/.cache/mozilla/firefox/m5ov45ka.default/cache2/entries/136183DA604B2E2737B558A458D5197AA11AC42C added to file system!!
WARNING: /home/datboi/.cache/mozilla/firefox/m5ov45ka.default/cache2/entries/6E37D950C6165AC0F55DAD202F57BBCDCA02941A added to file system!!
WARNING: /home/datboi/.cache/mozilla/firefox/m5ov45ka.default/cache2/entries/06FBD7EE1C1D5F8C52E937A300A007AB44AC57C3 added to file system!!
WARNING: /home/datboi/.cache/mozilla/firefox/m5ov45ka.default/cache2/entries/6B1DBD532E4F595CAF3EF57B1BC3946E196B13CA added to file system!!
WARNING: /home/datboi/.cache/mozilla/firefox/m5ov45ka.default/cache2/entries/0719AF6C8908E6C2FB97239FB58E01FC2619B36E added to file system!!
WARNING: /home/datboi/.cache/mozilla/firefox/m5ov45ka.default/cache2/entries/9DF5CEF79DC198F7370FA11332616E7ED8F523CA added to file system!!
WARNING: /home/datboi/HybrIDS/logs/11-28-2016 08:52:10.log added to file system!!
WARNING: /home/datboi/.cache/mozilla/firefox/m5ov45ka.default/cache2/entries/7AFAF80A08385AEAE6E948E9034906D815C5F064 added to file system!!
WARNING: /home/datboi/.cache/mozilla/firefox/m5ov45ka.default/cache2/entries/53618F09F9005DC87024EBE1BEBC6819B1D05691 added to file system!!
WARNING: /home/datboi/.local/share/ubuntu-amazon-default/Cache2/6707cc69d04fa84e_0 added to file system!!
WARNING: /home/datboi/.mozilla/firefox/m5ov45ka.default/webappsstore.sqlite-shm added to file system!!
WARNING: /home/datboi/.cache/mozilla/firefox/m5ov45ka.default/cache2/entries/3983B86A06851D10C1BA897D6B4DEFC04B2C04CD added to file system!!
WARNING: /home/datboi/HybrIDS/logs/11-28-2016 08:55:27.log added to file system!!
WARNING: /home/datboi/.cache/mozilla/firefox/m5ov45ka.default/cache2/entries/33AAD32A99A99C47EA3BFCED1CB82FACF8CC0260 added to file system!!
WARNING: /home/datboi/.local/share/ubuntu-amazon-default/Cache2/59501173a4d9c0c9_0 added to file system!!
WARNING: /home/datboi/.cache/mozilla/firefox/m5ov45ka.default/cache2/doomed/1365651809 added to file system!!
WARNING: /home/datboi/.cache/mozilla/firefox/m5ov45ka.default/cache2/entries/D43133ECBC533395625E7010C759F027D92041F8 added to file system!!
WARNING: /home/datboi/.local/share/ubuntu-amazon-default/Cache2/ad96ca1bfe787f21_0 added to file system!!
WARNING: /home/datboi/.cache/mozilla/firefox/m5ov45ka.default/cache2/entries/01E6E6713241F6ECBCDFE39AC84BD3B78DBD6A40 added to file system!!
WARNING: /home/datboi/.cache/mozilla/firefox/m5ov45ka.default/cache2/entries/97DD7D216DC184A0CE1D6EB4193F0C345BD03CDC added to file system!!
WARNING: /home/datboi/.cache/mozilla/firefox/m5ov45ka.default/cache2/entries/E14759C7CB50FD21359757FA2ABC7F4DF716FAEF added to file system!!
WARNING: /home/datboi/.cache/mozilla/firefox/m5ov45ka.default/cache2/entries/566CB07CFF8CD270ED09468EE4198983D1266C75 added to file system!!
WARNING: /home/datboi/.cache/mozilla/firefox/m5ov45ka.default/cache2/entries/B7A785E6A501377CC16D2913363CE8DCA2EBD713 added to file system!!
WARNING: /home/datboi/.cache/mozilla/firefox/m5ov45ka.default/cache2/entries/1177D838399E279B65D764C5D895B1CE273F011B added to file system!!
WARNING: /home/datboi/.local/share/ubuntu-amazon-default/cookies.sqlite-journal added to file system!!
WARNING: /home/datboi/.cache/mozilla/firefox/m5ov45ka.default/cache2/entries/A207D04AB123BB85A2AD3D66A121AB854E23E379 added to file system!!
WARNING: /home/datboi/.cache/mozilla/firefox/m5ov45ka.default/cache2/entries/9EB4345AC93705E316F8EB17D8BDDED824C8EE05 added to file system!!
WARNING: /home/datboi/.cache/mozilla/firefox/m5ov45ka.default/cache2/entries/D99945CCEE96952F8D71D1276584CF97EBD7912D added to file system!!
WARNING: /home/datboi/.cache/mozilla/firefox/m5ov45ka.default/cache2/entries/8FCF099EF4CDEFD62AD2E5A074F7AE19943ABA0C added to file system!!
WARNING: /home/datboi/.cache/mozilla/firefox/m5ov45ka.default/cache2/entries/E67EF7076A732F33941411D76762F7FB80BE6FCA added to file system!!
WARNING: /home/datboi/HybrIDS/logs/11-28-2016 08:36:16.log added to file system!!
WARNING: /home/datboi/.cache/mozilla/firefox/m5ov45ka.default/cache2/entries/8BD172A94A0F82ACA2FE5A327B8F0812E42FC088 added to file system!!
WARNING: /home/datboi/.cache/mozilla/firefox/m5ov45ka.default/cache2/entries/127888F13F2A1989DD847746A5870E34689AE3EC added to file system!!
WARNING: /home/datboi/.cache/mozilla/firefox/m5ov45ka.default/cache2/entries/5F7DB3EB09DA8F9F737DDB5DA39AC6A8CA246436 added to file system!!
WARNING: /home/datboi/.cache/mozilla/firefox/m5ov45ka.default/cache2/entries/2F15EA8A1F792A1B11641081A6279D96AC1D59BC added to file system!!
WARNING: /home/datboi/.cache/mozilla/firefox/m5ov45ka.default/cache2/entries/2B6AE63B07ADCB023F3CC9650BD536EE1516349D added to file system!!
WARNING: /home/datboi/.cache/mozilla/firefox/m5ov45ka.default/cache2/entries/394CA557CA397AF5DEC41461439DFC1A8C0DE8DC added to file system!!
WARNING: /home/datboi/.cache/mozilla/firefox/m5ov45ka.default/cache2/entries/F6903644BB3B8BCD63FED0CA5D00F865B3148F0D added to file system!!
WARNING: /home/datboi/.cache/mozilla/firefox/m5ov45ka.default/cache2/entries/8E1AC5B3ED271D3218658A06BFDBD56163A99C00 added to file system!!
WARNING: /home/datboi/.local/share/ubuntu-amazon-default/Cache2/748e012a338c1a9b_0 added to file system!!
WARNING: /home/datboi/HybrIDS/logs/11-28-2016 08:51:48.log added to file system!!
WARNING: /home/datboi/HybrIDS/logs/11-28-2016 08:55:38.log added to file system!!
WARNING: /home/datboi/HybrIDS/logs/11-28-2016 08:36:27.log added to file system!!
WARNING: /home/datboi/.cache/mozilla/firefox/m5ov45ka.default/cache2/entries/848AD641C2EBFB2789D2D6FEC27064F57482E269 added to file system!!
WARNING: /home/datboi/.cache/mozilla/firefox/m5ov45ka.default/cache2/entries/39E958F48D6EFDAFBF355E9A363EAB68D8B1604A added to file system!!
WARNING: /home/datboi/.cache/mozilla/firefox/m5ov45ka.default/cache2/entries/24A82C13F52206FEE9E70C241713052D887ADAC7 added to file system!!
WARNING: /home/datboi/.cache/mozilla/firefox/m5ov45ka.default/cache2/entries/627B6A0C8FCA284AE3CE196EF2E2753D8D543569 added to file system!!
WARNING: /home/datboi/.cache/mozilla/firefox/m5ov45ka.default/cache2/entries/4D55DD4C045B0922A59821058308E5B391A8D0F5 added to file system!!
WARNING: /home/datboi/.cache/mozilla/firefox/m5ov45ka.default/cache2/entries/2ECFCE3273462B10A248C072E39350BBD0339018 added to file system!!
WARNING: /home/datboi/.cache/mozilla/firefox/m5ov45ka.default/cache2/entries/2575171ECB5C6CE0ED0894FA0F079253FC866078 added to file system!!
WARNING: /home/datboi/.cache/mozilla/firefox/m5ov45ka.default/cache2/entries/7D4BDE50931FE36FE9EA3F3181228932BED4780D added to file system!!
WARNING: /home/datboi/.cache/mozilla/firefox/m5ov45ka.default/cache2/entries/E4BCA31717E1E9F4760F8CFB3233F55983464296 added to file system!!
WARNING: /home/datboi/.cache/mozilla/firefox/m5ov45ka.default/cache2/entries/9DE6E2F904D3C1D96BD8A5F7B4B71E99E238FFF8 added to file system!!
WARNING: /home/datboi/.local/share/ubuntu-amazon-default/Cache2/1eb8cc8964051ac7_0 added to file system!!
WARNING: /home/datboi/.cache/mozilla/firefox/m5ov45ka.default/cache2/entries/F2665ADB4431BE80FFD92E179E31DE3BDA8C72B3 added to file system!!
WARNING: /home/datboi/.cache/mozilla/firefox/m5ov45ka.default/cache2/entries/B63D9BBF1AC16DA95C0D83541227F66C3CFB778C added to file system!!
WARNING: /home/datboi/.cache/mozilla/firefox/m5ov45ka.default/cache2/entries/9E42912A9032B47679CEFF9D2B181D6DD0AEF4ED added to file system!!
WARNING: /home/datboi/.cache/mozilla/firefox/m5ov45ka.default/cache2/entries/DB8145D18C6F539A17DE0D3EC2BF47C1AF2B7F73 added to file system!!
WARNING: /home/datboi/.cache/mozilla/firefox/m5ov45ka.default/cache2/entries/BDB13094BEF1EC75CCAC341A33B6092DD484BAB4 added to file system!!
WARNING: /home/datboi/.cache/mozilla/firefox/m5ov45ka.default/cache2/entries/6D36B489525A8A51264D16DBF2304B0110F1668D added to file system!!
WARNING: /home/datboi/.cache/mozilla/firefox/m5ov45ka.default/cache2/entries/74AF2698DAB46CE7CFC6F8E90C1646088985B79E added to file system!!
WARNING: /home/datboi/.cache/mozilla/firefox/m5ov45ka.default/cache2/entries/97A6C624917D88C1884C7D40A34CC06580EFA279 added to file system!!
WARNING: /home/datboi/.cache/mozilla/firefox/m5ov45ka.default/cache2/entries/B24A49C8EC7E4D4F5D6AC2290BE2190502B36807 added to file system!!
WARNING: /home/datboi/.cache/mozilla/firefox/m5ov45ka.default/cache2/entries/F08BD8CDD56207C48BB5A4B0237B0CC73D09D6C4 added to file system!!
WARNING: /home/datboi/.cache/mozilla/firefox/m5ov45ka.default/cache2/entries/5CD9EFE2973CDB9578577D324F8365FECB823423 added to file system!!
WARNING: /home/datboi/HybrIDS/logs/11-28-2016 08:52:33.log added to file system!!
WARNING: /home/datboi/.cache/mozilla/firefox/m5ov45ka.default/cache2/entries/C14D4A4C0A1BC9F81CCAB5C8B8AE2263A3D14EED added to file system!!
WARNING: /home/datboi/.cache/mozilla/firefox/m5ov45ka.default/cache2/entries/983D749CD5CA7CA06E194BF9C2C1C0783319F14B added to file system!!
WARNING: /home/datboi/.cache/mozilla/firefox/m5ov45ka.default/cache2/entries/F2844317DA69E4A996EE78783709D0350C44E521 added to file system!!
WARNING: /home/datboi/.cache/mozilla/firefox/m5ov45ka.default/cache2/entries/641A37D622F5FF2E31D0EA8664EB171AFB21C6F4 added to file system!!
WARNING: /home/datboi/.cache/mozilla/firefox/m5ov45ka.default/cache2/entries/35BECF0C6171758646F99DD2E132B3B753AD5754 added to file system!!
WARNING: /home/datboi/.cache/mozilla/firefox/m5ov45ka.default/cache2/entries/008785AB5D3B5B85C79B0A05A1FBDF1573C03D05 added to file system!!
WARNING: /home/datboi/.cache/mozilla/firefox/m5ov45ka.default/cache2/entries/84BE527F8261EC51B1344FD004414006CAC4BABD added to file system!!
WARNING: /home/datboi/.cache/mozilla/firefox/m5ov45ka.default/cache2/entries/5725A0A01EA36A219211EC876F98EBC7A8B30065 added to file system!!
WARNING: /home/datboi/.cache/mozilla/firefox/m5ov45ka.default/cache2/entries/31682C1B4C30C8FA6D54DA35E911D5BC4D5C5107 added to file system!!
WARNING: /home/datboi/.cache/mozilla/firefox/m5ov45ka.default/cache2/entries/BCE027863024025781C39072CB92E40FD35FF117 added to file system!!
WARNING: /home/datboi/.local/share/ubuntu-amazon-default/Cache2/c0c4e3de5d4895c8_0 added to file system!!
WARNING: /home/datboi/.local/share/ubuntu-amazon-default/TransportSecurity added to file system!!
WARNING: /home/datboi/.cache/mozilla/firefox/m5ov45ka.default/cache2/entries/40C9B3C19E1D4D1D611A6359A71AC204AC05F570 added to file system!!
WARNING: /home/datboi/.cache/mozilla/firefox/m5ov45ka.default/cache2/entries/C53E7AD1646C42E36C4DAFA0B0FC6EBB005483CA added to file system!!
WARNING: /home/datboi/.cache/mozilla/firefox/m5ov45ka.default/cache2/entries/0CA29B66DE1BB77750575911687ADF309DEED8FB added to file system!!
WARNING: /home/datboi/.cache/mozilla/firefox/m5ov45ka.default/cache2/entries/B0E4BB332A72AFB6515BB88B494DD3B52C7A3E3F added to file system!!
WARNING: /home/datboi/.cache/mozilla/firefox/m5ov45ka.default/cache2/entries/267187C1C17E23D629998EB5C8942ADAD9E0FDFC added to file system!!
WARNING: /home/datboi/.cache/mozilla/firefox/m5ov45ka.default/cache2/entries/0345EA011198774E86BAC6264DF394D89414D44D added to file system!!
WARNING: /home/datboi/.cache/mozilla/firefox/m5ov45ka.default/cache2/entries/AB8BEAE168E40D56F2C0A0062E8F5CD40694C432 added to file system!!
WARNING: /home/datboi/HybrIDS/logs/11-28-2016 08:52:22.log added to file system!!
WARNING: /home/datboi/HybrIDS/logs/11-28-2016 08:55:49.log added to file system!!
WARNING: /home/datboi/.cache/mozilla/firefox/m5ov45ka.default/cache2/entries/440D9AE768936413097CC719D4685FDF677AE962 added to file system!!
WARNING: /home/datboi/.cache/mozilla/firefox/m5ov45ka.default/cache2/entries/B6EBAA70116A697B82264AA7EA5C5B0F5FBE203C added to file system!!
WARNING: /home/datboi/.cache/mozilla/firefox/m5ov45ka.default/cache2/entries/CBDED32362BE7FFB0B311DD5CFC365BEFBD567DE added to file system!!
WARNING: /home/datboi/.cache/mozilla/firefox/m5ov45ka.default/cache2/entries/6BAC1AE6AC1B9DDAF55E2D7B72FC402F2993F6A7 added to file system!!
WARNING: /home/datboi/.cache/mozilla/firefox/m5ov45ka.default/cache2/entries/AA2D88357BF139729FE284933A1150E58853FD40 added to file system!!
WARNING: /home/datboi/.cache/mozilla/firefox/m5ov45ka.default/cache2/entries/27493D3B0EF35B9765F1B60AEF28F76CBF455970 added to file system!!
WARNING: /home/datboi/.cache/mozilla/firefox/m5ov45ka.default/cache2/entries/32747826671016E5E170DBF54FA4EE32AC89B184 added to file system!!
WARNING: /home/datboi/.cache/mozilla/firefox/m5ov45ka.default/cache2/entries/32F8E852D09225139F26E3B72988D84AE4EC2B8D added to file system!!
WARNING: /home/datboi/.cache/mozilla/firefox/m5ov45ka.default/cache2/entries/69F04F0C37ED49C7D78E6ED88D5620BBA1BB11B3 added to file system!!
WARNING: /home/datboi/.cache/mozilla/firefox/m5ov45ka.default/cache2/entries/82189A280D92F06761BD41E516913BD98B9FF731 added to file system!!
WARNING: /home/datboi/.cache/mozilla/firefox/m5ov45ka.default/cache2/entries/BFE012BFD9B49AEA446F043E17E2B76EDF6821C3 added to file system!!
WARNING: /home/datboi/.cache/mozilla/firefox/m5ov45ka.default/cache2/entries/B1EA5D58D5FD6FB3AF195F3C7C793445A85537D9 added to file system!!
WARNING: /home/datboi/.cache/mozilla/firefox/m5ov45ka.default/cache2/entries/EB3477C986648FDC9A0414EF3E688C549024F596 added to file system!!
WARNING: /home/datboi/HybrIDS/logs/11-28-2016 08:55:16.log added to file system!!
WARNING: /home/datboi/.cache/mozilla/firefox/m5ov45ka.default/cache2/entries/00BDF3B2D281727B95454D598A09216A493AC8CE added to file system!!
WARNING: /home/datboi/.cache/mozilla/firefox/m5ov45ka.default/cache2/entries/DC59C1B8CD6078260620577DC6115EFCB340DA08 added to file system!!
WARNING: /home/datboi/.cache/mozilla/firefox/m5ov45ka.default/cache2/entries/DB23CBB9E440B0A4701B775778ECD65D3921F759 added to file system!!
WARNING: /home/datboi/.cache/mozilla/firefox/m5ov45ka.default/cache2/entries/BF925753BF031AB69C3B70557237D3F6E8A79FD8 added to file system!!
WARNING: /home/datboi/.cache/mozilla/firefox/m5ov45ka.default/cache2/entries/A0D61FEB0B0A7ADB58C175E327972558E6E7C5BD added to file system!!
WARNING: /home/datboi/.cache/mozilla/firefox/m5ov45ka.default/cache2/entries/8C63050363F07651ECA9A9BA671A676503E64B9E added to file system!!
WARNING: /home/datboi/.cache/mozilla/firefox/m5ov45ka.default/cache2/entries/83E9681EB075F5479FE8A3099466975F7CA5E80D added to file system!!
WARNING: /home/datboi/.local/share/ubuntu-amazon-default/Cache2/ca0f9a656e9fa385_0 added to file system!!
WARNING: /home/datboi/.cache/mozilla/firefox/m5ov45ka.default/cache2/entries/E9D01B781AA77EE9EB021B80BEACD315320763DF added to file system!!
WARNING: /home/datboi/.cache/mozilla/firefox/m5ov45ka.default/cache2/entries/6E151AD253F040588EAE655F2E0E9794847603C5 added to file system!!
WARNING: /home/datboi/.cache/mozilla/firefox/m5ov45ka.default/cache2/entries/025FA763ED344E3DD07588EFDDDD5F9B5D66ABFD added to file system!!
WARNING: /home/datboi/.cache/mozilla/firefox/m5ov45ka.default/cache2/entries/CA469263A2BB96DA37383C4E3DE42A15B7D85C5D added to file system!!
WARNING: /home/datboi/.cache/mozilla/firefox/m5ov45ka.default/cache2/entries/3FD6374D0A8E844252C6A153115105D35B02A0C5 added to file system!!
WARNING: /home/datboi/.cache/mozilla/firefox/m5ov45ka.default/cache2/entries/29D00A52CFB7E54A73D103659919E2B7D8CDC7C8 added to file system!!
WARNING: /home/datboi/.cache/mozilla/firefox/m5ov45ka.default/cache2/entries/D3C203F95D932D369572190BFAC8C0B70AE9866A added to file system!!
WARNING: /home/datboi/.cache/mozilla/firefox/m5ov45ka.default/cache2/entries/064792D241E9BCD313A022F6E685B6E2DB5016D7 added to file system!!
WARNING: /home/datboi/.cache/mozilla/firefox/m5ov45ka.default/cache2/entries/1E184E1314ECEBA73A4A43F913031D4AD4AC2089 added to file system!!
WARNING: /home/datboi/.cache/mozilla/firefox/m5ov45ka.default/cache2/entries/2237B7E35F065089C40450336543E15AC495BEAC added to file system!!
WARNING: /home/datboi/.mozilla/firefox/m5ov45ka.default/sessionstore-backups/recovery.js added to file system!!
WARNING: /home/datboi/.cache/mozilla/firefox/m5ov45ka.default/cache2/entries/5B9819E19BC7AFC5746D489DB07750896D4B209C added to file system!!
WARNING: /home/datboi/.cache/mozilla/firefox/m5ov45ka.default/cache2/entries/8E9029B6FCA3E73936FFD5CDB27096FC8B9FC350 added to file system!!
WARNING: /home/datboi/.cache/mozilla/firefox/m5ov45ka.default/cache2/entries/63A800B2675FFC9DCF3D8011353612865A525C07 added to file system!!
WARNING: /home/datboi/.cache/mozilla/firefox/m5ov45ka.default/cache2/entries/FAC772BBFDEE12BF8E7AE7E069C79D03D5A4DAD8 added to file system!!
WARNING: /home/datboi/.local/share/ubuntu-amazon-default/Cache2/070d0ec01be0adcc_0 added to file system!!
WARNING: /home/datboi/.cache/mozilla/firefox/m5ov45ka.default/cache2/entries/65057AF10F7F847FC970866ACD5B647DD231FEBD added to file system!!
WARNING: /home/datboi/.cache/mozilla/firefox/m5ov45ka.default/cache2/entries/5AA2A6AA4455D566F17F3C5728732859B3B83200 added to file system!!
WARNING: /home/datboi/.cache/mozilla/firefox/m5ov45ka.default/cache2/entries/5CEEDDE33F97180EDC00B11C2A69C78434AF4794 added to file system!!
WARNING: /home/datboi/.cache/mozilla/firefox/m5ov45ka.default/thumbnails/008ec4453ff31513f43893cba7aa31c8.png added to file system!!
WARNING: /home/datboi/.cache/mozilla/firefox/m5ov45ka.default/cache2/entries/B9B229BA8B3C02A56F467E8383AF8D9E9055D091 added to file system!!
WARNING: /home/datboi/.cache/mozilla/firefox/m5ov45ka.default/cache2/entries/7BFD0FE562E51A48F6BA48C7434F06E57922D7FA added to file system!!
WARNING: /home/datboi/.cache/mozilla/firefox/m5ov45ka.default/cache2/entries/67041B99D62C7004C439E2A77E29CE853D1DEA48 added to file system!!
WARNING: /home/datboi/.cache/mozilla/firefox/m5ov45ka.default/cache2/entries/3E972F98FE597B0E2A49A9163EFFB36FA2E51A5A added to file system!!
WARNING: /home/datboi/.cache/mozilla/firefox/m5ov45ka.default/cache2/entries/3C1F446E118E769BD465D3402ABC8443F746F358 added to file system!!
WARNING: /home/datboi/.cache/mozilla/firefox/m5ov45ka.default/cache2/entries/CE166FA9097B6693BED5B99D967A539F09B2EF89 added to file system!!
WARNING: /home/datboi/.cache/mozilla/firefox/m5ov45ka.default/cache2/entries/EE22723B30C391709B29CE0670B8B3E1D5A8DAF5 added to file system!!
WARNING: /home/datboi/.cache/mozilla/firefox/m5ov45ka.default/cache2/entries/3D519193B144556D704335B43A54564FBEF7CBE0 added to file system!!
WARNING: /home/datboi/.cache/mozilla/firefox/m5ov45ka.default/cache2/entries/EAA7E4918895B00D01CE91D6F9F2B24F5A6299B4 added to file system!!
WARNING: /home/datboi/.cache/mozilla/firefox/m5ov45ka.default/cache2/entries/5634FFF49F2C42EEE9DBBA253457D000343E3E7F added to file system!!
WARNING: /home/datboi/.cache/mozilla/firefox/m5ov45ka.default/cache2/entries/192CC9012CA27FBCE22586956DC4B08163A43BF9 added to file system!!
WARNING: /home/datboi/.cache/mozilla/firefox/m5ov45ka.default/cache2/entries/3CC07E8F0D81CDC87FD8ED8FDB953A78F58177E2 added to file system!!
WARNING: /home/datboi/.cache/mozilla/firefox/m5ov45ka.default/cache2/entries/8F45EBA5F3C4FC81D25C6A8E6295D6F0A8F8B350 added to file system!!
WARNING: /home/datboi/.cache/mozilla/firefox/m5ov45ka.default/cache2/entries/17BD4F53781FE8E9BCB1250E5A9986590BB2AFE3 added to file system!!
WARNING: /home/datboi/.cache/mozilla/firefox/m5ov45ka.default/cache2/entries/E3431FF3BA7F5A0722BD8188496E11E61021112F added to file system!!
WARNING: /home/datboi/.cache/upstart/unity-settings-daemon.log added to file system!!
WARNING: /home/datboi/.cache/mozilla/firefox/m5ov45ka.default/cache2/entries/94E6A85E643DC538FEA0E429BFB933AE5D314EFB added to file system!!
WARNING: /home/datboi/.cache/mozilla/firefox/m5ov45ka.default/cache2/entries/5F1C732B8D7B0E0A5428BCD1D7BF0136B176EC37 added to file system!!
WARNING: /home/datboi/.cache/mozilla/firefox/m5ov45ka.default/cache2/entries/1391B0544B0D10FCA1939931DC2E11B63D88BD7E added to file system!!
WARNING: /home/datboi/.cache/mozilla/firefox/m5ov45ka.default/cache2/entries/AF569B9003FFAC81C5FAFEC5542C1D528D71A71B added to file system!!
WARNING: /home/datboi/.cache/mozilla/firefox/m5ov45ka.default/cache2/entries/EE482130D1F1E690A2FD0D3D8472EADDF236661D added to file system!!
WARNING: /home/datboi/.cache/mozilla/firefox/m5ov45ka.default/cache2/entries/89E810DF2CF6E4C521C225E185BC0BDBC701E56F added to file system!!
WARNING: /home/datboi/.cache/mozilla/firefox/m5ov45ka.default/cache2/entries/5A8802D3CD28C590B09167570B9030F35F3FEB4A added to file system!!
WARNING: /home/datboi/.cache/mozilla/firefox/m5ov45ka.default/cache2/entries/71A608EC504629606C9B684765D4F4D485AB1C39 added to file system!!
WARNING: /home/datboi/.cache/mozilla/firefox/m5ov45ka.default/thumbnails/f9bcf405e9fd3698a0b5eb6bae57ea4d.png added to file system!!
WARNING: /home/datboi/.cache/mozilla/firefox/m5ov45ka.default/cache2/entries/AF364AAAD7195D06616333DCFB72080B578079ED added to file system!!
WARNING: /home/datboi/.cache/mozilla/firefox/m5ov45ka.default/cache2/entries/C464CFC15423085A6252AA631CE8042977DAEEA6 added to file system!!
WARNING: /home/datboi/.cache/mozilla/firefox/m5ov45ka.default/cache2/entries/D132C5EEAE9B10923135F5280399A06F95BA6226 added to file system!!
WARNING: /home/datboi/.cache/mozilla/firefox/m5ov45ka.default/cache2/entries/2FEB5D7BC6781FABE7CC11A98283C7D0B3DCA978 added to file system!!
WARNING: /home/datboi/.cache/mozilla/firefox/m5ov45ka.default/cache2/entries/AAE4847C2E2DA0928A50685A26613AA80BA14ED9 added to file system!!
WARNING: /home/datboi/.cache/mozilla/firefox/m5ov45ka.default/cache2/entries/5A933BB797DC82D358E8F242804784F8BE93BB60 added to file system!!
WARNING: /home/datboi/.cache/mozilla/firefox/m5ov45ka.default/cache2/entries/F845A9B55B1E2A9935BE3FB6A0E637A6707E2A7E added to file system!!
WARNING: /home/datboi/.config/ubuntu-ui-toolkit/theme.ini added to file system!!
WARNING: /home/datboi/.local/share/ubuntu-amazon-default/Cache2/9fa0cbf2bfadddab_0 added to file system!!
WARNING: /home/datboi/.cache/mozilla/firefox/m5ov45ka.default/cache2/entries/825DC3AD29D3460D51FD0CBBF9691273D61672A0 added to file system!!
WARNING: /home/datboi/.cache/mozilla/firefox/m5ov45ka.default/cache2/entries/4C7D4785F591E5D77B975B41D14C65165D436E77 added to file system!!
WARNING: /home/datboi/.local/share/ubuntu-amazon-default/Cache2/f4219816380f2e1d_0 added to file system!!
WARNING: /home/datboi/.cache/mozilla/firefox/m5ov45ka.default/cache2/entries/99F01550211CE3573FB9AB6B2BB5E3ED7E86EC4B added to file system!!
WARNING: /home/datboi/.cache/gstreamer-1.0/registry.x86_64.bin added to file system!!
WARNING: /home/datboi/.local/share/ubuntu-amazon-default/Cache2/5ba066a538c676d5_0 added to file system!!
WARNING: /home/datboi/.cache/mozilla/firefox/m5ov45ka.default/cache2/entries/3C3B3644C719C1B7B5FDFF30988EBC1172D302AD added to file system!!
WARNING: /home/datboi/.local/share/ubuntu-amazon-default/Cache2/bed545ba019c1bdc_0 added to file system!!
WARNING: /home/datboi/.cache/mozilla/firefox/m5ov45ka.default/cache2/entries/8E6FF56A81B59B45F9AFBD05E78E7DCA4DF5750E added to file system!!
WARNING: /home/datboi/.cache/mozilla/firefox/m5ov45ka.default/cache2/entries/9D0642B7C3A98B56B226F265334951688F759BFF added to file system!!
WARNING: /home/datboi/.cache/mozilla/firefox/m5ov45ka.default/cache2/entries/423044364CC3746E7B0CA94DA7FC20AD11D05E5C added to file system!!
WARNING: /home/datboi/.cache/mozilla/firefox/m5ov45ka.default/cache2/entries/850ADF4F197410F2F98542C60EBA01545EB0AE7F added to file system!!
WARNING: /home/datboi/.cache/mozilla/firefox/m5ov45ka.default/cache2/entries/E1695B278CBEC8669A3A61BA53A9416BA2634CB6 added to file system!!
WARNING: /home/datboi/HybrIDS/logs/11-28-2016 08:35:54.log added to file system!!
WARNING: /home/datboi/.cache/mozilla/firefox/m5ov45ka.default/cache2/entries/901AB3D1129911DC29B9897D017009F214CC1927 added to file system!!
WARNING: /home/datboi/.cache/mozilla/firefox/m5ov45ka.default/cache2/entries/2D238E2EE475FC31B2E3A31792E697DF44C3D029 added to file system!!
WARNING: /home/datboi/.cache/mozilla/firefox/m5ov45ka.default/cache2/entries/B8283FE53F7CB07378331DAB4F5A63EA4CA13EBE added to file system!!
WARNING: /home/datboi/.cache/mozilla/firefox/m5ov45ka.default/cache2/entries/43709E822A9E5F08864D5F87496D2410A262E404 added to file system!!
WARNING: /home/datboi/.cache/mozilla/firefox/m5ov45ka.default/cache2/entries/B9F0A9D98945CA3684EB73DD35E924B38A3CAAEF added to file system!!
WARNING: /home/datboi/.cache/mozilla/firefox/m5ov45ka.default/cache2/entries/304CC7398638CEF242E0E379B42E9E548D4307C7 added to file system!!

WARNING: /home/datboi/.config/pulse/bb853273abcb6c976c2a9e13583a3589-stream-volumes.tdb was changed!!
WARNING: /home/datboi/.cache/mozilla/firefox/m5ov45ka.default/cache2/entries/9DB6E260EBF0D26488950197F4C373DD66000267 was changed!!
WARNING: /home/datboi/.cache/mozilla/firefox/m5ov45ka.default/cache2/entries/B2EE282514BD49FD531CAC7EEB37E24A150D315A was changed!!
WARNING: /home/datboi/.cache/mozilla/firefox/m5ov45ka.default/cache2/entries/0A0A22C77AAD1E2ED377A103BF617791F535C1D3 was changed!!
WARNING: /home/datboi/.mozilla/firefox/m5ov45ka.default/cert8.db was changed!!
WARNING: /home/datboi/.cache/mozilla/firefox/m5ov45ka.default/cache2/entries/6DE0AF00F89FD6EAA556A893D295433B58BC65D4 was changed!!
WARNING: /home/datboi/.cache/mozilla/firefox/m5ov45ka.default/cache2/entries/21870284BD46D6F21E756FF12837E26AC55D301D was changed!!
WARNING: /home/datboi/.cache/mozilla/firefox/m5ov45ka.default/safebrowsing/goog-badbinurl-shavar.pset was changed!!
WARNING: /home/datboi/.cache/mozilla/firefox/m5ov45ka.default/cache2/entries/0D5E80F7FE917E91953E14BEC54C3F7746F4379F was changed!!
WARNING: /home/datboi/.mozilla/firefox/m5ov45ka.default/xulstore.json was changed!!
WARNING: /home/datboi/.mozilla/firefox/m5ov45ka.default/compatibility.ini was changed!!
WARNING: /home/datboi/HybrIDS/logger.pyc was changed!!
WARNING: /home/datboi/.local/share/zeitgeist/fts.index/record.baseA was changed!!
WARNING: /home/datboi/.cache/mozilla/firefox/m5ov45ka.default/cache2/entries/8E4CED8A45055BCAE4377F85CCB1263B6B9A3C90 was changed!!
WARNING: /home/datboi/.cache/mozilla/firefox/m5ov45ka.default/cache2/entries/996E251B0D179792066F30DEB82476DF9D5E8B15 was changed!!
WARNING: /home/datboi/.cache/mozilla/firefox/m5ov45ka.default/cache2/entries/B763A994670731F9A2B79DACC82B1A1F8FCDF135 was changed!!
WARNING: /home/datboi/.cache/mozilla/firefox/m5ov45ka.default/cache2/entries/3A85A68E91C96E6D65D53F43BA80A5C54236C0B0 was changed!!
WARNING: /home/datboi/.cache/mozilla/firefox/m5ov45ka.default/cache2/entries/7D79F798777AD8D1BCEB4DA26FDBEE82BC27A1FD was changed!!
WARNING: /home/datboi/.mozilla/firefox/m5ov45ka.default/webappsstore.sqlite was changed!!
WARNING: /home/datboi/.cache/mozilla/firefox/m5ov45ka.default/cache2/entries/F18D85F52EBBBA2AB081EF739ED0D6E8A76D497C was changed!!
WARNING: /home/datboi/.cache/mozilla/firefox/m5ov45ka.default/cache2/entries/D64A02BA1909A068BA24657DA5355AB6B04DE906 was changed!!
WARNING: /home/datboi/.local/share/zeitgeist/fts.index/postlist.DB was changed!!
WARNING: /home/datboi/.cache/mozilla/firefox/m5ov45ka.default/cache2/entries/E868C88B656CF70803373DF2B3A763BD283F6396 was changed!!
WARNING: /home/datboi/.cache/mozilla/firefox/m5ov45ka.default/cache2/entries/017034FB997140E92D6E2996A8CC5CC5A65B58C3 was changed!!
WARNING: /home/datboi/.cache/mozilla/firefox/m5ov45ka.default/cache2/entries/BB95D0607349D05725D5FE01D4FB300E319072AD was changed!!
WARNING: /home/datboi/.cache/mozilla/firefox/m5ov45ka.default/directoryLinks.json was changed!!
WARNING: /home/datboi/.local/share/zeitgeist/activity.sqlite-shm was changed!!
WARNING: /home/datboi/.cache/mozilla/firefox/m5ov45ka.default/cache2/entries/929BCF811537CE5A1B05BC367E7D5FCD9D1512C2 was changed!!
WARNING: /home/datboi/.cache/mozilla/firefox/m5ov45ka.default/cache2/entries/54BF6D9D46D035228AC887ABC41B451F2BA38C02 was changed!!
WARNING: /home/datboi/.mozilla/firefox/m5ov45ka.default/kinto.sqlite was changed!!
WARNING: /home/datboi/.cache/mozilla/firefox/m5ov45ka.default/cache2/entries/6FFDF00A2C7A1C3B2579BD60FFA7CDD8C553F7AA was changed!!
WARNING: /home/datboi/.cache/mozilla/firefox/m5ov45ka.default/cache2/entries/BF13DDDC114B55CF8532A4CD90403A99233AEC0E was changed!!
WARNING: /home/datboi/.mozilla/firefox/m5ov45ka.default/blocklist-addons.json was changed!!
WARNING: /home/datboi/.cache/mozilla/firefox/m5ov45ka.default/cache2/entries/19CE54A8F841A0A353A76ABC608F422E8EE25D86 was changed!!
WARNING: /home/datboi/.cache/mozilla/firefox/m5ov45ka.default/cache2/entries/0D043EB989F0FC6687A4FE1945189BE609121C27 was changed!!
WARNING: /home/datboi/.cache/mozilla/firefox/m5ov45ka.default/cache2/entries/D856607FC6E0B8F8101E6FD61B1DB831BF1FAA9B was changed!!
WARNING: /home/datboi/.mozilla/firefox/m5ov45ka.default/sessionCheckpoints.json was changed!!
WARNING: /home/datboi/.cache/mozilla/firefox/m5ov45ka.default/safebrowsing/goog-badbinurl-shavar.sbstore was changed!!
WARNING: /home/datboi/.cache/mozilla/firefox/m5ov45ka.default/cache2/entries/679C6926210C1B1D1E13137CE409F0F303AA000E was changed!!
WARNING: /home/datboi/.cache/mozilla/firefox/m5ov45ka.default/cache2/entries/EB262DB2D9ECB8421980CBB2CC47CB0962DE5E5C was changed!!
WARNING: /home/datboi/.cache/mozilla/firefox/m5ov45ka.default/safebrowsing/goog-unwanted-shavar.pset was changed!!
WARNING: /home/datboi/HybrIDS/pidfind.py was changed!!
WARNING: /home/datboi/.cache/mozilla/firefox/m5ov45ka.default/cache2/entries/170F54EDBE19BE8676CC69B53BAC08C8932D118A was changed!!
WARNING: /home/datboi/.cache/mozilla/firefox/m5ov45ka.default/cache2/entries/A65C25BDA3C68198A6FBD1013F78DD583F88CF14 was changed!!
WARNING: /home/datboi/.cache/mozilla/firefox/m5ov45ka.default/cache2/entries/D703AB582D234A6E9D4B7D0243A96BDE601DA5CA was changed!!
WARNING: /home/datboi/.local/share/zeitgeist/fts.index/termlist.DB was changed!!
WARNING: /home/datboi/.mozilla/firefox/m5ov45ka.default/places.sqlite-wal was changed!!
WARNING: /home/datboi/.cache/mozilla/firefox/m5ov45ka.default/cache2/entries/5D44AC703C53CC7EE6356F698FD1B03DA81FFE47 was changed!!
WARNING: /home/datboi/.cache/mozilla/firefox/m5ov45ka.default/cache2/entries/29B08ECF46969CAE37BA0BC477E63E392C6B37F9 was changed!!
WARNING: /home/datboi/.mozilla/firefox/m5ov45ka.default/cookies.sqlite was changed!!
WARNING: /home/datboi/HybrIDS/rules.file was changed!!
WARNING: /home/datboi/.cache/mozilla/firefox/m5ov45ka.default/cache2/entries/77117C5F897AFB0181B6B23C5DD7E9CE2DB94953 was changed!!
WARNING: /home/datboi/.cache/mozilla/firefox/m5ov45ka.default/cache2/entries/D0600AE23DBAADA8790DF395CB7B92B071A7FFF4 was changed!!
WARNING: /home/datboi/.cache/mozilla/firefox/m5ov45ka.default/cache2/entries/314D82118165524B60D636248D28ABDD4ADC3600 was changed!!
WARNING: /home/datboi/.mozilla/firefox/m5ov45ka.default/places.sqlite-shm was changed!!
WARNING: /home/datboi/.local/share/zeitgeist/fts.index/record.baseB was changed!!
WARNING: /home/datboi/.local/share/zeitgeist/fts.index/record.DB was changed!!
WARNING: /home/datboi/.cache/mozilla/firefox/m5ov45ka.default/cache2/entries/49BE32824E0BEC3A9A307F5D676B110AE86F1525 was changed!!
WARNING: /home/datboi/.local/share/zeitgeist/fts.index/position.baseB was changed!!
WARNING: /home/datboi/.cache/mozilla/firefox/m5ov45ka.default/safebrowsing/goog-phish-shavar.pset was changed!!
WARNING: /home/datboi/.cache/mozilla/firefox/m5ov45ka.default/cache2/entries/98F3CC667C872833F2A93C841A531CD308BB708E was changed!!
WARNING: /home/datboi/.cache/mozilla/firefox/m5ov45ka.default/cache2/entries/8C8FBADCF8BB80452BAEE7BAE7A077510014C80B was changed!!
WARNING: /home/datboi/.cache/mozilla/firefox/m5ov45ka.default/cache2/index was changed!!
WARNING: /home/datboi/.cache/mozilla/firefox/m5ov45ka.default/cache2/entries/E0E55398D028830E3339BA47FB3652E5579678B4 was changed!!
WARNING: /home/datboi/.cache/mozilla/firefox/m5ov45ka.default/cache2/entries/2B662789DFDD9C1308FF8ECD48E05F393053163C was changed!!
WARNING: /home/datboi/.cache/mozilla/firefox/m5ov45ka.default/safebrowsing/goog-malware-shavar.pset was changed!!
WARNING: /home/datboi/.cache/mozilla/firefox/m5ov45ka.default/cache2/entries/996FF69B28B46AA08240D5B033726E178EA73F53 was changed!!
WARNING: /home/datboi/.cache/mozilla/firefox/m5ov45ka.default/cache2/entries/DAF868190224EDB572853032B70DCEA519420A66 was changed!!
WARNING: /home/datboi/.mozilla/firefox/m5ov45ka.default/datareporting/session-state.json was changed!!
WARNING: /home/datboi/.cache/mozilla/firefox/m5ov45ka.default/cache2/entries/6C9B846926C287B15F67D64CE91F1CFA7D812660 was changed!!
WARNING: /home/datboi/.cache/mozilla/firefox/m5ov45ka.default/cache2/entries/0F1CE39FDC5283841A52C24635E2B98618CFCF02 was changed!!
WARNING: /home/datboi/.cache/mozilla/firefox/m5ov45ka.default/cache2/entries/C27D7A62FCB3822B15FE7A889EAC6EBCB8E81A80 was changed!!
WARNING: /home/datboi/.cache/mozilla/firefox/m5ov45ka.default/cache2/entries/26B1E528ED454C2FF525CEE6C17B1B71A422CDBB was changed!!
WARNING: /home/datboi/.cache/mozilla/firefox/m5ov45ka.default/cache2/entries/73B2522E50B3F134A306CB33FE7EEB2753F8A59F was changed!!
WARNING: /home/datboi/.cache/mozilla/firefox/m5ov45ka.default/cache2/entries/7DE79BEB2BC63FFC1D844A1783F9BF9E7D6287F8 was changed!!
WARNING: /home/datboi/.cache/mozilla/firefox/m5ov45ka.default/cache2/entries/8790063156A34EB2C9E32B154BF2B54C76C75CB0 was changed!!
WARNING: /home/datboi/.cache/mozilla/firefox/m5ov45ka.default/cache2/entries/E267E1F6C851B385439DFDBB63F764F2D930607F was changed!!
WARNING: /home/datboi/.cache/mozilla/firefox/m5ov45ka.default/cache2/entries/AACD1907F07DC26B7359A47BBC70732ECDB0D3BD was changed!!
WARNING: /home/datboi/.cache/mozilla/firefox/m5ov45ka.default/cache2/entries/14AD6229211FEDD035C4124F13FD89E47CBC273A was changed!!
WARNING: /home/datboi/.cache/mozilla/firefox/m5ov45ka.default/cache2/entries/BC20A45B3DCD784841C1D1DB98F042F71D4A5C25 was changed!!
WARNING: /home/datboi/.mozilla/firefox/m5ov45ka.default/blocklist-plugins.json was changed!!
WARNING: /home/datboi/.cache/mozilla/firefox/m5ov45ka.default/cache2/entries/65EE3A4D76187244E99F7C4454E45354343A884F was changed!!
WARNING: /home/datboi/.cache/mozilla/firefox/m5ov45ka.default/cache2/entries/F6F06EDE5211C3F14AF4E23F92AAA806C39D3E8A was changed!!
WARNING: /home/datboi/.cache/mozilla/firefox/m5ov45ka.default/cache2/entries/3B2CA2A976B8A3DA687481B725B2FB1DFDE42F88 was changed!!
WARNING: /home/datboi/.cache/mozilla/firefox/m5ov45ka.default/cache2/entries/C17986AEF3487378A56C6EE5B48DAF2012F894EE was changed!!
WARNING: /home/datboi/.mozilla/firefox/m5ov45ka.default/blocklist.xml was changed!!
WARNING: /home/datboi/.cache/mozilla/firefox/m5ov45ka.default/cache2/entries/BB144282F6171270DDB222C7A667E6C4A1422867 was changed!!
WARNING: /home/datboi/.cache/mozilla/firefox/m5ov45ka.default/cache2/entries/0500BF0C511B051AEC26260295C25A45AE73945D was changed!!
WARNING: /home/datboi/.cache/mozilla/firefox/m5ov45ka.default/cache2/entries/1FBEA76A37857B2584FAD937D88012A4258472D7 was changed!!
WARNING: /home/datboi/.viminfo was changed!!
WARNING: /home/datboi/.cache/mozilla/firefox/m5ov45ka.default/cache2/entries/A7A2A4920970582D0113BA088DF7FD2BCD0BC1F1 was changed!!
WARNING: /home/datboi/.cache/mozilla/firefox/m5ov45ka.default/cache2/entries/1F5CBB336C57BAC6B1406758F815C056A6FB5E68 was changed!!
WARNING: /home/datboi/.local/share/zeitgeist/fts.index/postlist.baseA was changed!!
WARNING: /home/datboi/.local/share/zeitgeist/fts.index/postlist.baseB was changed!!
WARNING: /home/datboi/.cache/mozilla/firefox/m5ov45ka.default/cache2/entries/981BDACE30827819C14DBF88960D0E12D5C2D31D was changed!!
WARNING: /home/datboi/.cache/mozilla/firefox/m5ov45ka.default/cache2/entries/D7A1D81634CA320D8F5749547BB07216F1FA8AA5 was changed!!
WARNING: /home/datboi/.cache/mozilla/firefox/m5ov45ka.default/cache2/entries/53DAE4B1D7BFF6744CCAF7207DE631267F9883DC was changed!!
WARNING: /home/datboi/.cache/mozilla/firefox/m5ov45ka.default/cache2/entries/70D86CB31D29686582067A0C8851F17F31DD5BC3 was changed!!
WARNING: /home/datboi/.cache/mozilla/firefox/m5ov45ka.default/cache2/entries/A7F5BEDA0BA0BD6D166EA04401BA0BFB3B89E42C was changed!!
WARNING: /home/datboi/.cache/mozilla/firefox/m5ov45ka.default/cache2/entries/B16D0A966E35B567A4420CD1B6D84207BE0B0A4E was changed!!
WARNING: /home/datboi/.cache/mozilla/firefox/m5ov45ka.default/cache2/entries/3DFDA45DD7D2DFE6DEE099C1B8406BE6E744BC16 was changed!!
WARNING: /home/datboi/.cache/mozilla/firefox/m5ov45ka.default/cache2/entries/9E142DD11194F4A9A562521A2205B204411A316D was changed!!
WARNING: /home/datboi/.cache/mozilla/firefox/m5ov45ka.default/safebrowsing/goog-malware-shavar.cache was changed!!
WARNING: /home/datboi/.cache/mozilla/firefox/m5ov45ka.default/safebrowsing/goog-unwanted-shavar.sbstore was changed!!
WARNING: /home/datboi/.cache/mozilla/firefox/m5ov45ka.default/cache2/entries/50F5E3A88DDE92F5DDB5B560D71A7005FF47FE22 was changed!!
WARNING: /home/datboi/.cache/mozilla/firefox/m5ov45ka.default/cache2/entries/339A4E96E26DFFA4704F0AF081D2B85B12D03939 was changed!!
WARNING: /home/datboi/HybrIDS/hostComp.pyc was changed!!
WARNING: /home/datboi/.cache/event-sound-cache.tdb.bb853273abcb6c976c2a9e13583a3589.x86_64-pc-linux-gnu was changed!!
WARNING: /home/datboi/.cache/mozilla/firefox/m5ov45ka.default/cache2/entries/BB649871EC4B0ED29F1EE47A8A2729C402D6FCF9 was changed!!
WARNING: /home/datboi/.cache/mozilla/firefox/m5ov45ka.default/cache2/entries/D5BEB4F343ADED0DED653BFB612A9BDE22E95CF7 was changed!!
WARNING: /home/datboi/.cache/mozilla/firefox/m5ov45ka.default/cache2/entries/EF5956C5699E653E0681EC174F75CEB810BF63C9 was changed!!
WARNING: /home/datboi/.cache/mozilla/firefox/m5ov45ka.default/cache2/entries/5E4954707B44E5A4B4ACF5F22B52219A1DCA477F was changed!!
WARNING: /home/datboi/.cache/mozilla/firefox/m5ov45ka.default/cache2/entries/E3AE9F5066557B7C7ABC7F48CC0DF9E756D8E528 was changed!!
WARNING: /home/datboi/.cache/upstart/dbus.log was changed!!
WARNING: /home/datboi/.cache/mozilla/firefox/m5ov45ka.default/cache2/entries/F1B5C3EDE100D4A38A0A28F1CEF6FAEFB619EC1B was changed!!
WARNING: /home/datboi/.cache/mozilla/firefox/m5ov45ka.default/cache2/entries/3E6B356BEC45A90DE049D53169B2CF3AB28375E6 was changed!!
WARNING: /home/datboi/.cache/mozilla/firefox/m5ov45ka.default/cache2/entries/CB7F80280433DB6C2AB7523118AE32E9B0145B89 was changed!!
WARNING: /home/datboi/HybrIDS/hostComp.py was changed!!
WARNING: /home/datboi/.cache/mozilla/firefox/m5ov45ka.default/cache2/entries/0A5620704DF68A1043AD59B3A60BDDF304FC54BD was changed!!
WARNING: /home/datboi/.cache/mozilla/firefox/m5ov45ka.default/cache2/entries/C9D69586F32A253DF5E5EEB215362B1D6CEE669B was changed!!
WARNING: /home/datboi/.cache/mozilla/firefox/m5ov45ka.default/cache2/entries/284EE55FB4C1DDD8823D38976AA87DD051369FCC was changed!!
WARNING: /home/datboi/.cache/mozilla/firefox/m5ov45ka.default/cache2/entries/72E1D0AF1F75F0EFDFBD51283473A918551AED8B was changed!!
WARNING: /home/datboi/.cache/mozilla/firefox/m5ov45ka.default/cache2/entries/78A520FE200DD59F7079043C2E4494D582DB5E27 was changed!!
WARNING: /home/datboi/.cache/mozilla/firefox/m5ov45ka.default/cache2/entries/A0FE786DE03CE1BFA9E1D51362339FD9D14F8F63 was changed!!
WARNING: /home/datboi/.cache/mozilla/firefox/m5ov45ka.default/cache2/entries/4C863284CDA7F859EB300BED16DBCEF9517F1824 was changed!!
WARNING: /home/datboi/.cache/mozilla/firefox/m5ov45ka.default/cache2/entries/D6AA7816CC17CCEA94E0350ECA61B0638AB34C7E was changed!!
WARNING: /home/datboi/.mozilla/firefox/m5ov45ka.default/SiteSecurityServiceState.txt was changed!!
WARNING: /home/datboi/HybrIDS/hybrids.py was changed!!
WARNING: /home/datboi/.cache/mozilla/firefox/m5ov45ka.default/cache2/entries/D448BAF6FC24D7B26485CEB72624A7ADFCF31054 was changed!!
WARNING: /home/datboi/.cache/mozilla/firefox/m5ov45ka.default/cache2/entries/C29304241E3D40AB345F09EF9E86146ACBBA2592 was changed!!
WARNING: /home/datboi/.cache/mozilla/firefox/m5ov45ka.default/cache2/entries/1106B3FA5B0D3B2C98F3E6B92C55CB201B6BDE5F was changed!!
WARNING: /home/datboi/.cache/mozilla/firefox/m5ov45ka.default/cache2/entries/87BACDB23E4A2697A5D16F7DAB29F46277EAFE92 was changed!!
WARNING: /home/datboi/HybrIDS/logger.py was changed!!
WARNING: /home/datboi/.cache/mozilla/firefox/m5ov45ka.default/cache2/entries/507BD58C932470C7EFFCABAB88E80F53E7925FC5 was changed!!
WARNING: /home/datboi/.cache/mozilla/firefox/m5ov45ka.default/cache2/entries/44DE7F3AAACB15057DA88BC995341D4CE9E3204A was changed!!
WARNING: /home/datboi/.cache/upstart/gnome-session-Unity.log was changed!!
WARNING: /home/datboi/HybrIDS/pidfind.pyc was changed!!
WARNING: /home/datboi/.pip/pip.log was changed!!
WARNING: /home/datboi/.cache/mozilla/firefox/m5ov45ka.default/cache2/entries/407B93C3998C24BBE78C762644AD3ECBFBC7A350 was changed!!
WARNING: /home/datboi/.mozilla/firefox/m5ov45ka.default/places.sqlite was changed!!
WARNING: /home/datboi/HybrIDS/fsc.py was changed!!
WARNING: /home/datboi/.cache/mozilla/firefox/m5ov45ka.default/cache2/entries/B73E4A4438B9B71F020E7D4B54AE283770E47CA7 was changed!!
WARNING: /home/datboi/.cache/mozilla/firefox/m5ov45ka.default/cache2/entries/8D59ABC608B5A860613A9B1148D50C66B4F98CDF was changed!!
WARNING: /home/datboi/.cache/mozilla/firefox/m5ov45ka.default/cache2/entries/9CB1507E8150B6A3A9D726112952A7150EA6236D was changed!!
WARNING: /home/datboi/.mozilla/firefox/m5ov45ka.default/prefs.js was changed!!
WARNING: /home/datboi/.cache/mozilla/firefox/m5ov45ka.default/cache2/entries/474B042F28F7096D3A3E1782368560B58A64CE57 was changed!!
WARNING: /home/datboi/HybrIDS/fsc.pyc was changed!!
WARNING: /home/datboi/.cache/mozilla/firefox/m5ov45ka.default/cache2/entries/F8AAEDDD50BDE15104BECDF1C2604F5903D032A4 was changed!!
WARNING: /home/datboi/.cache/mozilla/firefox/m5ov45ka.default/cache2/entries/6B7A128FBD6CF34F7410B066D6DC536DAE01DDB6 was changed!!
WARNING: /home/datboi/.cache/mozilla/firefox/m5ov45ka.default/cache2/entries/C1B017EE842B26758BDE854C7FE7B6F7BF682F5B was changed!!
WARNING: /home/datboi/.cache/mozilla/firefox/m5ov45ka.default/cache2/entries/EE6A3CCEC74AE5781D82E9F9EF313AD7D7D60060 was changed!!
WARNING: /home/datboi/.local/share/zeitgeist/activity.sqlite-wal was changed!!
WARNING: /home/datboi/.cache/mozilla/firefox/m5ov45ka.default/cache2/entries/25046D3FB4B65056856FEC2966A9A3263113B072 was changed!!
WARNING: /home/datboi/.local/share/zeitgeist/fts.index/position.DB was changed!!
WARNING: /home/datboi/.cache/mozilla/firefox/m5ov45ka.default/safebrowsing/goog-phish-shavar.sbstore was changed!!
WARNING: /home/datboi/.cache/mozilla/firefox/m5ov45ka.default/safebrowsing/goog-malware-shavar.sbstore was changed!!
WARNING: /home/datboi/.config/pulse/bb853273abcb6c976c2a9e13583a3589-device-volumes.tdb was changed!!
WARNING: /home/datboi/.config/dconf/user was changed!!
WARNING: /home/datboi/.cache/mozilla/firefox/m5ov45ka.default/cache2/entries/DB35F7B5C3B638134575506C1DECC7214B0152E3 was changed!!
WARNING: /home/datboi/.cache/mozilla/firefox/m5ov45ka.default/startupCache/startupCache.8.little was changed!!
WARNING: /home/datboi/.cache/mozilla/firefox/m5ov45ka.default/cache2/entries/C3357B699A03D6C47624A0BC4184ED6E2B8D6443 was changed!!
WARNING: /home/datboi/.cache/mozilla/firefox/m5ov45ka.default/cache2/entries/6AC9BD0802E051FCD579CC69A96979DE29682F3D was changed!!
WARNING: /home/datboi/.cache/mozilla/firefox/m5ov45ka.default/cache2/entries/F1173F9E0225E61BA4D065E0B2ED59EA43F6DDD3 was changed!!
WARNING: /home/datboi/.local/share/zeitgeist/fts.index/termlist.baseA was changed!!
WARNING: /home/datboi/.local/share/zeitgeist/fts.index/termlist.baseB was changed!!
WARNING: /home/datboi/.mozilla/firefox/m5ov45ka.default/formhistory.sqlite was changed!!
WARNING: /home/datboi/.local/share/zeitgeist/fts.index/position.baseA was changed!!
WARNING: /home/datboi/.mozilla/firefox/m5ov45ka.default/blocklist-gfx.json was changed!!
WARNING: /home/datboi/.cache/mozilla/firefox/m5ov45ka.default/cache2/entries/D625C438F8CD21992EBF6369E266A30EE4619800 was changed!!
WARNING: /home/datboi/.mozilla/firefox/m5ov45ka.default/addons.json was changed!!
WARNING: /home/datboi/.cache/mozilla/firefox/m5ov45ka.default/cache2/entries/A493F20209CE5B06C4034700CD64A561227B9472 was changed!!

