Scan performed on 11-28-2016 08:36:27
WARNING: /home/datboi/HybrIDS/.hybrids.py.swp removed from file system!!
WARNING: /home/datboi/.mozilla/firefox/m5ov45ka.default/places.sqlite-wal removed from file system!!
WARNING: /home/datboi/.mozilla/firefox/m5ov45ka.default/places.sqlite-shm removed from file system!!
WARNING: /home/datboi/.mozilla/firefox/m5ov45ka.default/saved-telemetry-pings/27ddb3d9-bef4-4cfc-9dea-99e59a339166 removed from file system!!
WARNING: /home/datboi/.mozilla/firefox/m5ov45ka.default/saved-telemetry-pings/9ead99ed-24cf-4e16-855c-8058556c0a56 removed from file system!!

WARNING: /home/datboi/.cache/mozilla/firefox/m5ov45ka.default/cache2/entries/3F2B7620D3ED7129A16D30BEA70B83C71437731C added to file system!!
WARNING: /home/datboi/.cache/mozilla/firefox/m5ov45ka.default/cache2/entries/7F4E144C4592EF0A23283B7452C81B93E9DE790A added to file system!!
WARNING: /home/datboi/.cache/mozilla/firefox/m5ov45ka.default/cache2/entries/EB0EA3DF0A7ABF931632591BD31F932E7C5380E7 added to file system!!
WARNING: /home/datboi/.cache/mozilla/firefox/m5ov45ka.default/cache2/entries/9D27604C5774178ECE8DCE408D92BE7F6668F799 added to file system!!
WARNING: /home/datboi/.cache/mozilla/firefox/m5ov45ka.default/cache2/entries/055AB4F3EBAB82C644777DAB49ADA45E9351183B added to file system!!
WARNING: /home/datboi/.cache/mozilla/firefox/m5ov45ka.default/cache2/entries/AE241CD2BF4E356143D9D8730E31EF07E8AA216A added to file system!!
WARNING: /home/datboi/.cache/mozilla/firefox/m5ov45ka.default/cache2/entries/98E5FA420274070FC791CE8EF742971CDAE795E9 added to file system!!
WARNING: /home/datboi/.cache/mozilla/firefox/m5ov45ka.default/cache2/entries/529DE18879D638E6D73950A865A33033D769E604 added to file system!!
WARNING: /home/datboi/.cache/mozilla/firefox/m5ov45ka.default/cache2/entries/51194BFD0B2AE127340CC506DF0BFCC02287ADB6 added to file system!!
WARNING: /home/datboi/.cache/mozilla/firefox/m5ov45ka.default/cache2/entries/B9F6F8360CA85CEFF1689595F4F4F9840A7FB118 added to file system!!
WARNING: /home/datboi/.mozilla/firefox/m5ov45ka.default/sessionstore-backups/upgrade.js-20161114145022 added to file system!!
WARNING: /home/datboi/.cache/mozilla/firefox/m5ov45ka.default/cache2/entries/38B8DB7CABAC8E3AEFA752B0C85B30471941AA62 added to file system!!
WARNING: /home/datboi/.cache/mozilla/firefox/m5ov45ka.default/cache2/entries/55E9078962E5194504BE68A4102C576C8D0086DD added to file system!!
WARNING: /home/datboi/.cache/mozilla/firefox/m5ov45ka.default/cache2/entries/0C57116884A8C10389CA8A3C51884C2F79C81D85 added to file system!!
WARNING: /home/datboi/.cache/mozilla/firefox/m5ov45ka.default/cache2/entries/F27A11CB50966DA4F57127EA18E8C576152D7BBF added to file system!!
WARNING: /home/datboi/.cache/mozilla/firefox/m5ov45ka.default/cache2/entries/7A583A28FCE1F8AFC528FF3C63A9574662A544AB added to file system!!
WARNING: /home/datboi/.cache/mozilla/firefox/m5ov45ka.default/cache2/entries/7BC629493EE15015559342BF1243EA3FC770B088 added to file system!!
WARNING: /home/datboi/.mozilla/firefox/m5ov45ka.default/saved-telemetry-pings/4f386df2-7518-40e7-8ed5-0bafd886461d added to file system!!
WARNING: /home/datboi/.cache/mozilla/firefox/m5ov45ka.default/thumbnails/d7e6247270b3e128702859103493c88b.png added to file system!!
WARNING: /home/datboi/.cache/mozilla/firefox/m5ov45ka.default/cache2/entries/141EFDBF81CAECCB1C22C9BFED67D20A49AA2BE9 added to file system!!
WARNING: /home/datboi/.cache/mozilla/firefox/m5ov45ka.default/cache2/entries/5BD17740D10191BB515CCE4686EF60F68A500819 added to file system!!
WARNING: /home/datboi/.cache/mozilla/firefox/m5ov45ka.default/cache2/entries/5F671C1A1DE34D575DDD156792D059F8F34E9CB4 added to file system!!
WARNING: /home/datboi/.cache/mozilla/firefox/m5ov45ka.default/cache2/entries/16E06934EB1D88A7B579464C2BF63CDD5A7D89C5 added to file system!!
WARNING: /home/datboi/.cache/mozilla/firefox/m5ov45ka.default/cache2/entries/9CB7F5B208A14652B8D5BC9D162BFAB5226B0961 added to file system!!
WARNING: /home/datboi/.cache/mozilla/firefox/m5ov45ka.default/cache2/entries/8979D0AE27ED7D8502725E51A79622FC68D2EED9 added to file system!!
WARNING: /home/datboi/.cache/mozilla/firefox/m5ov45ka.default/cache2/entries/6FADE292096CAB40ABB62EC330AFC0033302D71B added to file system!!
WARNING: /home/datboi/.cache/mozilla/firefox/m5ov45ka.default/cache2/entries/BC8E89189CA52E40DF6FEF6D372FE50B00FA13AB added to file system!!
WARNING: /home/datboi/.cache/mozilla/firefox/m5ov45ka.default/cache2/entries/ADF03AAA817CEE37237706BC59CC08D0D1026342 added to file system!!
WARNING: /home/datboi/.mozilla/firefox/m5ov45ka.default/datareporting/archived/2016-11/1480350868198.4f386df2-7518-40e7-8ed5-0bafd886461d.main.jsonlz4 added to file system!!
WARNING: /home/datboi/.cache/mozilla/firefox/m5ov45ka.default/cache2/entries/548EFFDA70A384872A627C4FC0208236C2F041A4 added to file system!!
WARNING: /home/datboi/.cache/mozilla/firefox/m5ov45ka.default/cache2/entries/601816D7123F1B5C64B4546747BA6334FDDD7423 added to file system!!
WARNING: /home/datboi/.cache/mozilla/firefox/m5ov45ka.default/cache2/entries/C3D38572CE3F0C77C0D276C00BCD4A8EE7AF1EF4 added to file system!!
WARNING: /home/datboi/.cache/mozilla/firefox/m5ov45ka.default/cache2/entries/DAF5BE98658A10A12B51A71D0B587D318423C81B added to file system!!
WARNING: /home/datboi/.cache/mozilla/firefox/m5ov45ka.default/cache2/entries/D588152D81CBC990C2559A6E14BCBE8EAA914DBF added to file system!!
WARNING: /home/datboi/.cache/mozilla/firefox/m5ov45ka.default/cache2/entries/95F19D42B9294C8DCEC5F2C5BC7D0983AA43ABF3 added to file system!!
WARNING: /home/datboi/.cache/mozilla/firefox/m5ov45ka.default/cache2/entries/B670450199D15F23A796B21B05260F356EA717DC added to file system!!
WARNING: /home/datboi/.cache/mozilla/firefox/m5ov45ka.default/cache2/entries/5439B3840AC4A8E3E9FC56B1C0DAC85719877240 added to file system!!
WARNING: /home/datboi/.mozilla/firefox/m5ov45ka.default/sessionstore-backups/previous.js added to file system!!
WARNING: /home/datboi/.cache/mozilla/firefox/m5ov45ka.default/cache2/entries/AEC643CFD39398C22F759AA50E7D80D0C56C9979 added to file system!!
WARNING: /home/datboi/.cache/mozilla/firefox/m5ov45ka.default/cache2/entries/471F1183DB55D9299258024DD2AFC9FC0C6D9E8A added to file system!!
WARNING: /home/datboi/.cache/mozilla/firefox/m5ov45ka.default/cache2/entries/66AE3FD870E00F4CEFC4A967139717DD7965E608 added to file system!!
WARNING: /home/datboi/.cache/mozilla/firefox/m5ov45ka.default/cache2/entries/756283716ACB2BCAF44AFE74FED59C0ECD5ECB44 added to file system!!
WARNING: /home/datboi/.cache/mozilla/firefox/m5ov45ka.default/cache2/entries/EFC269D79058144188FD4E1DA999EB95956D9B3A added to file system!!
WARNING: /home/datboi/.cache/mozilla/firefox/m5ov45ka.default/cache2/entries/4BF4FC9C34A1237A5E6371C7B1D438943F5CEBFE added to file system!!
WARNING: /home/datboi/.cache/mozilla/firefox/m5ov45ka.default/cache2/entries/F746B7F6388231A0AE3B63738891E006F9D25070 added to file system!!
WARNING: /home/datboi/.cache/mozilla/firefox/m5ov45ka.default/cache2/entries/6C65BD44561C730EAD98024C922C6B7AF75D9343 added to file system!!
WARNING: /home/datboi/.cache/mozilla/firefox/m5ov45ka.default/cache2/entries/794F52CFB7B7B2045B72F20F859F06ECA9BA057C added to file system!!
WARNING: /home/datboi/.cache/mozilla/firefox/m5ov45ka.default/cache2/entries/46162D6485DA3E8250300CD14E4EEDAD51FD0748 added to file system!!
WARNING: /home/datboi/.cache/mozilla/firefox/m5ov45ka.default/cache2/entries/B171AE950A695211133CAB58EE849902C5E07D7A added to file system!!
WARNING: /home/datboi/.cache/mozilla/firefox/m5ov45ka.default/cache2/entries/F184A611829D8DA3BE7B8749E8DBC54125610BAB added to file system!!
WARNING: /home/datboi/.cache/mozilla/firefox/m5ov45ka.default/cache2/entries/B9B822AD8E29C2D95D8D91892375E7F907047B90 added to file system!!
WARNING: /home/datboi/HybrIDS/saver.p added to file system!!
WARNING: /home/datboi/.cache/mozilla/firefox/m5ov45ka.default/cache2/entries/3666FEFC47040F4497C20EB5EC3E0D7370892A1B added to file system!!
WARNING: /home/datboi/HybrIDS/logs/11-28-2016 08:36:05.log added to file system!!
WARNING: /home/datboi/.cache/mozilla/firefox/m5ov45ka.default/cache2/entries/5454AA456BAC3FAF102956FDC713646ABDB3C4DB added to file system!!
WARNING: /home/datboi/.cache/mozilla/firefox/m5ov45ka.default/cache2/entries/4D28E3489AE17DBB9B491743AAF7F516A73E266D added to file system!!
WARNING: /home/datboi/.cache/mozilla/firefox/m5ov45ka.default/cache2/entries/B186DDBADCD07D80D162A05994C1D09237F89264 added to file system!!
WARNING: /home/datboi/.cache/mozilla/firefox/m5ov45ka.default/cache2/entries/2F5738EF94077F710CD8F54E96FEA6BDF01B2EC9 added to file system!!
WARNING: /home/datboi/.cache/mozilla/firefox/m5ov45ka.default/cache2/entries/D472A90F1C81C93F6DD726E79557C5440003C211 added to file system!!
WARNING: /home/datboi/.cache/mozilla/firefox/m5ov45ka.default/cache2/entries/0830D33649E40580065007D0E725BAE4B556F028 added to file system!!
WARNING: /home/datboi/.vim/.netrwhist added to file system!!
WARNING: /home/datboi/.cache/mozilla/firefox/m5ov45ka.default/cache2/entries/3A9B7BEF2B0302CDC3FBCB0EA8876F4FF68BB630 added to file system!!
WARNING: /home/datboi/.cache/mozilla/firefox/m5ov45ka.default/cache2/entries/3D818F4E64E8E2371B0B23A63433F403D3668B84 added to file system!!
WARNING: /home/datboi/.cache/mozilla/firefox/m5ov45ka.default/cache2/entries/7410F9890581A59A2FC380BB7AB00D0EE622E2F7 added to file system!!
WARNING: /home/datboi/.cache/mozilla/firefox/m5ov45ka.default/cache2/entries/145ADF8DFB1283B6C7D9E0DCA46CA5FDE7863DCB added to file system!!
WARNING: /home/datboi/.cache/mozilla/firefox/m5ov45ka.default/cache2/entries/77D020D7CDF7DA35383A090E68DDBE8D83DC16D4 added to file system!!
WARNING: /home/datboi/.cache/mozilla/firefox/m5ov45ka.default/cache2/entries/EDE95B4DAFD4B413386390EBB8DCC00A01428096 added to file system!!
WARNING: /home/datboi/.cache/mozilla/firefox/m5ov45ka.default/cache2/entries/02CF82C95668F03B49EE1FF3A4D787B834A527FF added to file system!!
WARNING: /home/datboi/.cache/upstart/unity-panel-service.log added to file system!!
WARNING: /home/datboi/.cache/mozilla/firefox/m5ov45ka.default/cache2/entries/331F1B84BC1773A93CFE170C0857F8EB58C96B02 added to file system!!
WARNING: /home/datboi/.cache/mozilla/firefox/m5ov45ka.default/cache2/entries/E3AC03BC4147E03C6A834B973E2A0557B0F0DAEE added to file system!!
WARNING: /home/datboi/.cache/mozilla/firefox/m5ov45ka.default/cache2/entries/087134A9ACFCEF3B44BFD295CF2A0B242D9E3DFB added to file system!!
WARNING: /home/datboi/.cache/mozilla/firefox/m5ov45ka.default/cache2/entries/A9B4E88E025ABEBDB66488D790331A573B965125 added to file system!!
WARNING: /home/datboi/.cache/mozilla/firefox/m5ov45ka.default/cache2/entries/095FD08BA8B849D035B55B4179793885FC4D149A added to file system!!
WARNING: /home/datboi/.cache/mozilla/firefox/m5ov45ka.default/cache2/entries/01CB33D98EA18BFDA144F696FFDAE6B57C88EC47 added to file system!!
WARNING: /home/datboi/.cache/mozilla/firefox/m5ov45ka.default/cache2/entries/0A62A373EAF4F5F73972BB7A85FA0A748227BFF9 added to file system!!
WARNING: /home/datboi/.cache/mozilla/firefox/m5ov45ka.default/cache2/entries/09248600DA73DA5611761903D8D98B3EF1A0120E added to file system!!
WARNING: /home/datboi/.cache/mozilla/firefox/m5ov45ka.default/cache2/entries/B70987791B2B4BFF36B83FECE2BDF8FC093AE95E added to file system!!
WARNING: /home/datboi/.cache/mozilla/firefox/m5ov45ka.default/cache2/entries/A67E5CE3CDA0AABA91A283F15D58602A64E53E70 added to file system!!
WARNING: /home/datboi/.cache/mozilla/firefox/m5ov45ka.default/cache2/entries/8B7B85CD664C72CCBF783818DCA3ABF86E12CAD9 added to file system!!
WARNING: /home/datboi/.cache/mozilla/firefox/m5ov45ka.default/cache2/entries/2871E47E43DF9346CBBA950E77977AE94CF430C4 added to file system!!
WARNING: /home/datboi/.cache/mozilla/firefox/m5ov45ka.default/cache2/entries/06FBD7EE1C1D5F8C52E937A300A007AB44AC57C3 added to file system!!
WARNING: /home/datboi/.cache/mozilla/firefox/m5ov45ka.default/cache2/entries/0719AF6C8908E6C2FB97239FB58E01FC2619B36E added to file system!!
WARNING: /home/datboi/.cache/mozilla/firefox/m5ov45ka.default/cache2/entries/7AFAF80A08385AEAE6E948E9034906D815C5F064 added to file system!!
WARNING: /home/datboi/.cache/mozilla/firefox/m5ov45ka.default/cache2/entries/53618F09F9005DC87024EBE1BEBC6819B1D05691 added to file system!!
WARNING: /home/datboi/.cache/mozilla/firefox/m5ov45ka.default/cache2/entries/01E6E6713241F6ECBCDFE39AC84BD3B78DBD6A40 added to file system!!
WARNING: /home/datboi/.cache/mozilla/firefox/m5ov45ka.default/cache2/entries/B7A785E6A501377CC16D2913363CE8DCA2EBD713 added to file system!!
WARNING: /home/datboi/.cache/mozilla/firefox/m5ov45ka.default/cache2/entries/D99945CCEE96952F8D71D1276584CF97EBD7912D added to file system!!
WARNING: /home/datboi/.cache/mozilla/firefox/m5ov45ka.default/cache2/entries/8FCF099EF4CDEFD62AD2E5A074F7AE19943ABA0C added to file system!!
WARNING: /home/datboi/.cache/mozilla/firefox/m5ov45ka.default/cache2/entries/E67EF7076A732F33941411D76762F7FB80BE6FCA added to file system!!
WARNING: /home/datboi/HybrIDS/logs/11-28-2016 08:36:16.log added to file system!!
WARNING: /home/datboi/.cache/mozilla/firefox/m5ov45ka.default/cache2/entries/127888F13F2A1989DD847746A5870E34689AE3EC added to file system!!
WARNING: /home/datboi/.cache/mozilla/firefox/m5ov45ka.default/cache2/entries/5F7DB3EB09DA8F9F737DDB5DA39AC6A8CA246436 added to file system!!
WARNING: /home/datboi/.cache/mozilla/firefox/m5ov45ka.default/cache2/entries/394CA557CA397AF5DEC41461439DFC1A8C0DE8DC added to file system!!
WARNING: /home/datboi/.cache/mozilla/firefox/m5ov45ka.default/cache2/entries/F6903644BB3B8BCD63FED0CA5D00F865B3148F0D added to file system!!
WARNING: /home/datboi/HybrIDS/logs/11-28-2016 08:36:27.log added to file system!!
WARNING: /home/datboi/.cache/mozilla/firefox/m5ov45ka.default/cache2/entries/39E958F48D6EFDAFBF355E9A363EAB68D8B1604A added to file system!!
WARNING: /home/datboi/.cache/mozilla/firefox/m5ov45ka.default/cache2/entries/24A82C13F52206FEE9E70C241713052D887ADAC7 added to file system!!
WARNING: /home/datboi/.cache/mozilla/firefox/m5ov45ka.default/cache2/entries/2ECFCE3273462B10A248C072E39350BBD0339018 added to file system!!
WARNING: /home/datboi/.cache/mozilla/firefox/m5ov45ka.default/cache2/entries/F2665ADB4431BE80FFD92E179E31DE3BDA8C72B3 added to file system!!
WARNING: /home/datboi/.cache/mozilla/firefox/m5ov45ka.default/cache2/entries/BDB13094BEF1EC75CCAC341A33B6092DD484BAB4 added to file system!!
WARNING: /home/datboi/.cache/mozilla/firefox/m5ov45ka.default/cache2/entries/74AF2698DAB46CE7CFC6F8E90C1646088985B79E added to file system!!
WARNING: /home/datboi/.cache/mozilla/firefox/m5ov45ka.default/cache2/entries/983D749CD5CA7CA06E194BF9C2C1C0783319F14B added to file system!!
WARNING: /home/datboi/.cache/mozilla/firefox/m5ov45ka.default/cache2/entries/6F2809E25DF0D843CAA618BC749CBA038E45745D added to file system!!
WARNING: /home/datboi/.cache/mozilla/firefox/m5ov45ka.default/cache2/entries/35BECF0C6171758646F99DD2E132B3B753AD5754 added to file system!!
WARNING: /home/datboi/.cache/mozilla/firefox/m5ov45ka.default/cache2/entries/008785AB5D3B5B85C79B0A05A1FBDF1573C03D05 added to file system!!
WARNING: /home/datboi/.cache/mozilla/firefox/m5ov45ka.default/cache2/entries/5725A0A01EA36A219211EC876F98EBC7A8B30065 added to file system!!
WARNING: /home/datboi/.cache/mozilla/firefox/m5ov45ka.default/cache2/entries/31682C1B4C30C8FA6D54DA35E911D5BC4D5C5107 added to file system!!
WARNING: /home/datboi/.cache/mozilla/firefox/m5ov45ka.default/cache2/entries/BCE027863024025781C39072CB92E40FD35FF117 added to file system!!
WARNING: /home/datboi/.cache/mozilla/firefox/m5ov45ka.default/cache2/entries/0CA29B66DE1BB77750575911687ADF309DEED8FB added to file system!!
WARNING: /home/datboi/.cache/mozilla/firefox/m5ov45ka.default/cache2/entries/267187C1C17E23D629998EB5C8942ADAD9E0FDFC added to file system!!
WARNING: /home/datboi/.cache/mozilla/firefox/m5ov45ka.default/cache2/entries/AB8BEAE168E40D56F2C0A0062E8F5CD40694C432 added to file system!!
WARNING: /home/datboi/.cache/mozilla/firefox/m5ov45ka.default/cache2/entries/440D9AE768936413097CC719D4685FDF677AE962 added to file system!!
WARNING: /home/datboi/.cache/mozilla/firefox/m5ov45ka.default/cache2/entries/B6EBAA70116A697B82264AA7EA5C5B0F5FBE203C added to file system!!
WARNING: /home/datboi/.cache/mozilla/firefox/m5ov45ka.default/cache2/entries/6BAC1AE6AC1B9DDAF55E2D7B72FC402F2993F6A7 added to file system!!
WARNING: /home/datboi/.cache/mozilla/firefox/m5ov45ka.default/cache2/entries/AA2D88357BF139729FE284933A1150E58853FD40 added to file system!!
WARNING: /home/datboi/.cache/mozilla/firefox/m5ov45ka.default/cache2/entries/32F8E852D09225139F26E3B72988D84AE4EC2B8D added to file system!!
WARNING: /home/datboi/.cache/mozilla/firefox/m5ov45ka.default/cache2/entries/BF925753BF031AB69C3B70557237D3F6E8A79FD8 added to file system!!
WARNING: /home/datboi/.cache/mozilla/firefox/m5ov45ka.default/cache2/entries/8C63050363F07651ECA9A9BA671A676503E64B9E added to file system!!
WARNING: /home/datboi/.cache/mozilla/firefox/m5ov45ka.default/cache2/entries/E9D01B781AA77EE9EB021B80BEACD315320763DF added to file system!!
WARNING: /home/datboi/.cache/mozilla/firefox/m5ov45ka.default/cache2/entries/FAC772BBFDEE12BF8E7AE7E069C79D03D5A4DAD8 added to file system!!
WARNING: /home/datboi/.cache/mozilla/firefox/m5ov45ka.default/cache2/entries/3E972F98FE597B0E2A49A9163EFFB36FA2E51A5A added to file system!!
WARNING: /home/datboi/.cache/mozilla/firefox/m5ov45ka.default/cache2/entries/EE22723B30C391709B29CE0670B8B3E1D5A8DAF5 added to file system!!
WARNING: /home/datboi/.cache/mozilla/firefox/m5ov45ka.default/cache2/entries/EAA7E4918895B00D01CE91D6F9F2B24F5A6299B4 added to file system!!
WARNING: /home/datboi/.cache/mozilla/firefox/m5ov45ka.default/cache2/entries/3CC07E8F0D81CDC87FD8ED8FDB953A78F58177E2 added to file system!!
WARNING: /home/datboi/.cache/mozilla/firefox/m5ov45ka.default/cache2/entries/E3431FF3BA7F5A0722BD8188496E11E61021112F added to file system!!
WARNING: /home/datboi/.cache/upstart/unity-settings-daemon.log added to file system!!
WARNING: /home/datboi/.cache/mozilla/firefox/m5ov45ka.default/cache2/entries/5F1C732B8D7B0E0A5428BCD1D7BF0136B176EC37 added to file system!!
WARNING: /home/datboi/.cache/mozilla/firefox/m5ov45ka.default/cache2/entries/AF569B9003FFAC81C5FAFEC5542C1D528D71A71B added to file system!!
WARNING: /home/datboi/.cache/mozilla/firefox/m5ov45ka.default/cache2/entries/5A8802D3CD28C590B09167570B9030F35F3FEB4A added to file system!!
WARNING: /home/datboi/.cache/mozilla/firefox/m5ov45ka.default/cache2/entries/71A608EC504629606C9B684765D4F4D485AB1C39 added to file system!!
WARNING: /home/datboi/.cache/mozilla/firefox/m5ov45ka.default/thumbnails/f9bcf405e9fd3698a0b5eb6bae57ea4d.png added to file system!!
WARNING: /home/datboi/.cache/mozilla/firefox/m5ov45ka.default/cache2/entries/5A933BB797DC82D358E8F242804784F8BE93BB60 added to file system!!
WARNING: /home/datboi/.cache/mozilla/firefox/m5ov45ka.default/cache2/entries/825DC3AD29D3460D51FD0CBBF9691273D61672A0 added to file system!!
WARNING: /home/datboi/.cache/mozilla/firefox/m5ov45ka.default/cache2/entries/EB3477C986648FDC9A0414EF3E688C549024F596 added to file system!!
WARNING: /home/datboi/.cache/gstreamer-1.0/registry.x86_64.bin added to file system!!
WARNING: /home/datboi/.cache/mozilla/firefox/m5ov45ka.default/cache2/entries/3C3B3644C719C1B7B5FDFF30988EBC1172D302AD added to file system!!
WARNING: /home/datboi/.cache/mozilla/firefox/m5ov45ka.default/cache2/entries/8E6FF56A81B59B45F9AFBD05E78E7DCA4DF5750E added to file system!!
WARNING: /home/datboi/.cache/mozilla/firefox/m5ov45ka.default/cache2/entries/9D0642B7C3A98B56B226F265334951688F759BFF added to file system!!
WARNING: /home/datboi/.cache/mozilla/firefox/m5ov45ka.default/cache2/entries/850ADF4F197410F2F98542C60EBA01545EB0AE7F added to file system!!
WARNING: /home/datboi/HybrIDS/logs/11-28-2016 08:35:54.log added to file system!!
WARNING: /home/datboi/.cache/mozilla/firefox/m5ov45ka.default/cache2/entries/2D238E2EE475FC31B2E3A31792E697DF44C3D029 added to file system!!
WARNING: /home/datboi/.cache/mozilla/firefox/m5ov45ka.default/cache2/entries/304CC7398638CEF242E0E379B42E9E548D4307C7 added to file system!!

WARNING: /home/datboi/.config/pulse/bb853273abcb6c976c2a9e13583a3589-stream-volumes.tdb was changed!!
WARNING: /home/datboi/.cache/mozilla/firefox/m5ov45ka.default/cache2/entries/9DB6E260EBF0D26488950197F4C373DD66000267 was changed!!
WARNING: /home/datboi/.cache/mozilla/firefox/m5ov45ka.default/safebrowsing/goog-badbinurl-shavar.pset was changed!!
WARNING: /home/datboi/.cache/mozilla/firefox/m5ov45ka.default/cache2/index.log was changed!!
WARNING: /home/datboi/.mozilla/firefox/m5ov45ka.default/xulstore.json was changed!!
WARNING: /home/datboi/.mozilla/firefox/m5ov45ka.default/compatibility.ini was changed!!
WARNING: /home/datboi/.local/share/zeitgeist/fts.index/record.baseA was changed!!
WARNING: /home/datboi/.cache/mozilla/firefox/m5ov45ka.default/cache2/entries/8E4CED8A45055BCAE4377F85CCB1263B6B9A3C90 was changed!!
WARNING: /home/datboi/.cache/mozilla/firefox/m5ov45ka.default/cache2/entries/996E251B0D179792066F30DEB82476DF9D5E8B15 was changed!!
WARNING: /home/datboi/.mozilla/firefox/m5ov45ka.default/webappsstore.sqlite was changed!!
WARNING: /home/datboi/.cache/mozilla/firefox/m5ov45ka.default/cache2/entries/F18D85F52EBBBA2AB081EF739ED0D6E8A76D497C was changed!!
WARNING: /home/datboi/.cache/mozilla/firefox/m5ov45ka.default/cache2/entries/D64A02BA1909A068BA24657DA5355AB6B04DE906 was changed!!
WARNING: /home/datboi/.local/share/zeitgeist/fts.index/postlist.DB was changed!!
WARNING: /home/datboi/.cache/mozilla/firefox/m5ov45ka.default/cache2/entries/E868C88B656CF70803373DF2B3A763BD283F6396 was changed!!
WARNING: /home/datboi/.cache/mozilla/firefox/m5ov45ka.default/cache2/entries/017034FB997140E92D6E2996A8CC5CC5A65B58C3 was changed!!
WARNING: /home/datboi/.cache/mozilla/firefox/m5ov45ka.default/directoryLinks.json was changed!!
WARNING: /home/datboi/.local/share/zeitgeist/activity.sqlite-shm was changed!!
WARNING: /home/datboi/.cache/mozilla/firefox/m5ov45ka.default/cache2/entries/929BCF811537CE5A1B05BC367E7D5FCD9D1512C2 was changed!!
WARNING: /home/datboi/.cache/mozilla/firefox/m5ov45ka.default/cache2/entries/BF13DDDC114B55CF8532A4CD90403A99233AEC0E was changed!!
WARNING: /home/datboi/.cache/mozilla/firefox/m5ov45ka.default/safebrowsing/goog-badbinurl-shavar.sbstore was changed!!
WARNING: /home/datboi/.cache/mozilla/firefox/m5ov45ka.default/cache2/entries/679C6926210C1B1D1E13137CE409F0F303AA000E was changed!!
WARNING: /home/datboi/.cache/mozilla/firefox/m5ov45ka.default/safebrowsing/goog-unwanted-shavar.pset was changed!!
WARNING: /home/datboi/.cache/mozilla/firefox/m5ov45ka.default/cache2/entries/A65C25BDA3C68198A6FBD1013F78DD583F88CF14 was changed!!
WARNING: /home/datboi/.local/share/zeitgeist/fts.index/termlist.DB was changed!!
WARNING: /home/datboi/.cache/mozilla/firefox/m5ov45ka.default/cache2/entries/29B08ECF46969CAE37BA0BC477E63E392C6B37F9 was changed!!
WARNING: /home/datboi/.mozilla/firefox/m5ov45ka.default/cookies.sqlite was changed!!
WARNING: /home/datboi/.cache/mozilla/firefox/m5ov45ka.default/cache2/entries/77117C5F897AFB0181B6B23C5DD7E9CE2DB94953 was changed!!
WARNING: /home/datboi/.cache/mozilla/firefox/m5ov45ka.default/cache2/entries/314D82118165524B60D636248D28ABDD4ADC3600 was changed!!
WARNING: /home/datboi/.local/share/zeitgeist/fts.index/record.baseB was changed!!
WARNING: /home/datboi/.local/share/zeitgeist/fts.index/record.DB was changed!!
WARNING: /home/datboi/.local/share/zeitgeist/fts.index/position.baseB was changed!!
WARNING: /home/datboi/.cache/mozilla/firefox/m5ov45ka.default/safebrowsing/goog-phish-shavar.pset was changed!!
WARNING: /home/datboi/.cache/mozilla/firefox/m5ov45ka.default/cache2/entries/98F3CC667C872833F2A93C841A531CD308BB708E was changed!!
WARNING: /home/datboi/.cache/mozilla/firefox/m5ov45ka.default/safebrowsing/goog-malware-shavar.pset was changed!!
WARNING: /home/datboi/.cache/mozilla/firefox/m5ov45ka.default/cache2/entries/996FF69B28B46AA08240D5B033726E178EA73F53 was changed!!
WARNING: /home/datboi/.cache/mozilla/firefox/m5ov45ka.default/cache2/entries/DAF868190224EDB572853032B70DCEA519420A66 was changed!!
WARNING: /home/datboi/.mozilla/firefox/m5ov45ka.default/datareporting/session-state.json was changed!!
WARNING: /home/datboi/.cache/mozilla/firefox/m5ov45ka.default/cache2/entries/6C9B846926C287B15F67D64CE91F1CFA7D812660 was changed!!
WARNING: /home/datboi/.cache/mozilla/firefox/m5ov45ka.default/cache2/entries/0F1CE39FDC5283841A52C24635E2B98618CFCF02 was changed!!
WARNING: /home/datboi/.cache/mozilla/firefox/m5ov45ka.default/cache2/entries/8790063156A34EB2C9E32B154BF2B54C76C75CB0 was changed!!
WARNING: /home/datboi/.cache/mozilla/firefox/m5ov45ka.default/cache2/entries/E267E1F6C851B385439DFDBB63F764F2D930607F was changed!!
WARNING: /home/datboi/.cache/mozilla/firefox/m5ov45ka.default/cache2/entries/65EE3A4D76187244E99F7C4454E45354343A884F was changed!!
WARNING: /home/datboi/.cache/mozilla/firefox/m5ov45ka.default/cache2/entries/0500BF0C511B051AEC26260295C25A45AE73945D was changed!!
WARNING: /home/datboi/.viminfo was changed!!
WARNING: /home/datboi/.cache/mozilla/firefox/m5ov45ka.default/cache2/entries/1F5CBB336C57BAC6B1406758F815C056A6FB5E68 was changed!!
WARNING: /home/datboi/.local/share/zeitgeist/fts.index/postlist.baseA was changed!!
WARNING: /home/datboi/.local/share/zeitgeist/fts.index/postlist.baseB was changed!!
WARNING: /home/datboi/.cache/mozilla/firefox/m5ov45ka.default/cache2/entries/D7A1D81634CA320D8F5749547BB07216F1FA8AA5 was changed!!
WARNING: /home/datboi/.cache/mozilla/firefox/m5ov45ka.default/cache2/entries/53DAE4B1D7BFF6744CCAF7207DE631267F9883DC was changed!!
WARNING: /home/datboi/.cache/mozilla/firefox/m5ov45ka.default/cache2/entries/70D86CB31D29686582067A0C8851F17F31DD5BC3 was changed!!
WARNING: /home/datboi/.cache/mozilla/firefox/m5ov45ka.default/cache2/entries/3DFDA45DD7D2DFE6DEE099C1B8406BE6E744BC16 was changed!!
WARNING: /home/datboi/.cache/mozilla/firefox/m5ov45ka.default/safebrowsing/goog-malware-shavar.cache was changed!!
WARNING: /home/datboi/.cache/mozilla/firefox/m5ov45ka.default/safebrowsing/goog-unwanted-shavar.sbstore was changed!!
WARNING: /home/datboi/.cache/mozilla/firefox/m5ov45ka.default/cache2/entries/50F5E3A88DDE92F5DDB5B560D71A7005FF47FE22 was changed!!
WARNING: /home/datboi/HybrIDS/hostComp.pyc was changed!!
WARNING: /home/datboi/.cache/event-sound-cache.tdb.bb853273abcb6c976c2a9e13583a3589.x86_64-pc-linux-gnu was changed!!
WARNING: /home/datboi/.cache/mozilla/firefox/m5ov45ka.default/cache2/entries/F1B5C3EDE100D4A38A0A28F1CEF6FAEFB619EC1B was changed!!
WARNING: /home/datboi/.mozilla/firefox/m5ov45ka.default/sessionstore.js was changed!!
WARNING: /home/datboi/HybrIDS/hostComp.py was changed!!
WARNING: /home/datboi/.cache/mozilla/firefox/m5ov45ka.default/cache2/entries/284EE55FB4C1DDD8823D38976AA87DD051369FCC was changed!!
WARNING: /home/datboi/.cache/mozilla/firefox/m5ov45ka.default/cache2/entries/4C863284CDA7F859EB300BED16DBCEF9517F1824 was changed!!
WARNING: /home/datboi/.cache/mozilla/firefox/m5ov45ka.default/cache2/entries/D6AA7816CC17CCEA94E0350ECA61B0638AB34C7E was changed!!
WARNING: /home/datboi/.mozilla/firefox/m5ov45ka.default/SiteSecurityServiceState.txt was changed!!
WARNING: /home/datboi/.cache/mozilla/firefox/m5ov45ka.default/cache2/entries/D448BAF6FC24D7B26485CEB72624A7ADFCF31054 was changed!!
WARNING: /home/datboi/.cache/mozilla/firefox/m5ov45ka.default/cache2/entries/C29304241E3D40AB345F09EF9E86146ACBBA2592 was changed!!
WARNING: /home/datboi/.cache/mozilla/firefox/m5ov45ka.default/cache2/entries/507BD58C932470C7EFFCABAB88E80F53E7925FC5 was changed!!
WARNING: /home/datboi/.cache/upstart/gnome-session-Unity.log was changed!!
WARNING: /home/datboi/.mozilla/firefox/m5ov45ka.default/places.sqlite was changed!!
WARNING: /home/datboi/HybrIDS/fsc.py was changed!!
WARNING: /home/datboi/.mozilla/firefox/m5ov45ka.default/prefs.js was changed!!
WARNING: /home/datboi/HybrIDS/fsc.pyc was changed!!
WARNING: /home/datboi/.cache/mozilla/firefox/m5ov45ka.default/cache2/entries/6B7A128FBD6CF34F7410B066D6DC536DAE01DDB6 was changed!!
WARNING: /home/datboi/.cache/mozilla/firefox/m5ov45ka.default/cache2/entries/C1B017EE842B26758BDE854C7FE7B6F7BF682F5B was changed!!
WARNING: /home/datboi/.local/share/zeitgeist/activity.sqlite-wal was changed!!
WARNING: /home/datboi/.local/share/zeitgeist/fts.index/position.DB was changed!!
WARNING: /home/datboi/.cache/mozilla/firefox/m5ov45ka.default/safebrowsing/goog-phish-shavar.sbstore was changed!!
WARNING: /home/datboi/.cache/mozilla/firefox/m5ov45ka.default/safebrowsing/goog-malware-shavar.sbstore was changed!!
WARNING: /home/datboi/.config/pulse/bb853273abcb6c976c2a9e13583a3589-device-volumes.tdb was changed!!
WARNING: /home/datboi/.config/dconf/user was changed!!
WARNING: /home/datboi/.cache/mozilla/firefox/m5ov45ka.default/startupCache/startupCache.8.little was changed!!
WARNING: /home/datboi/.local/share/zeitgeist/fts.index/termlist.baseA was changed!!
WARNING: /home/datboi/.local/share/zeitgeist/fts.index/termlist.baseB was changed!!
WARNING: /home/datboi/.mozilla/firefox/m5ov45ka.default/formhistory.sqlite was changed!!
WARNING: /home/datboi/.local/share/zeitgeist/fts.index/position.baseA was changed!!

